{"/home/travis/build/npmtest/node-npmtest-get-config/test.js":{"path":"/home/travis/build/npmtest/node-npmtest-get-config/test.js","s":{"1":2,"2":2,"3":2,"4":2,"5":2,"6":2,"7":2,"8":1,"9":2,"10":2,"11":1,"12":1,"13":1,"14":1,"15":2,"16":2,"17":2,"18":2,"19":1,"20":1,"21":2,"22":2,"23":2,"24":1,"25":1,"26":1,"27":1,"28":1,"29":1,"30":1,"31":1,"32":1,"33":1,"34":1,"35":1,"36":1,"37":2,"38":2,"39":1,"40":2,"41":2,"42":1,"43":2,"44":2,"45":1,"46":2,"47":2,"48":1,"49":1,"50":1,"51":1,"52":1},"b":{"1":[2,1,1,1],"2":[1,1,1,1],"3":[1,1],"4":[1,1],"5":[1,1],"6":[1,1],"7":[1,1],"8":[1,1],"9":[1,1,1],"10":[1,1],"11":[1,1],"12":[1,1],"13":[1,1],"14":[1,1],"15":[1,1],"16":[1,1]},"f":{"1":2,"2":2,"3":2,"4":2,"5":2,"6":1,"7":1,"8":2,"9":2,"10":2,"11":2,"12":1},"fnMap":{"1":{"name":"(anonymous_1)","line":12,"loc":{"start":{"line":12,"column":1},"end":{"line":12,"column":13}}},"2":{"name":"(anonymous_2)","line":19,"loc":{"start":{"line":19,"column":5},"end":{"line":19,"column":17}}},"3":{"name":"(anonymous_3)","line":23,"loc":{"start":{"line":23,"column":24},"end":{"line":23,"column":36}}},"4":{"name":"(anonymous_4)","line":61,"loc":{"start":{"line":61,"column":5},"end":{"line":61,"column":17}}},"5":{"name":"(anonymous_5)","line":82,"loc":{"start":{"line":82,"column":5},"end":{"line":82,"column":17}}},"6":{"name":"(anonymous_6)","line":102,"loc":{"start":{"line":102,"column":83},"end":{"line":105,"column":10}},"skip":true},"7":{"name":"(anonymous_7)","line":113,"loc":{"start":{"line":113,"column":77},"end":{"line":116,"column":10}},"skip":true},"8":{"name":"(anonymous_8)","line":129,"loc":{"start":{"line":129,"column":12},"end":{"line":129,"column":40}},"skip":true},"9":{"name":"(anonymous_9)","line":137,"loc":{"start":{"line":137,"column":77},"end":{"line":140,"column":10}},"skip":true},"10":{"name":"(anonymous_10)","line":148,"loc":{"start":{"line":148,"column":83},"end":{"line":151,"column":10}},"skip":true},"11":{"name":"(anonymous_11)","line":159,"loc":{"start":{"line":159,"column":79},"end":{"line":162,"column":10}},"skip":true},"12":{"name":"(anonymous_12)","line":170,"loc":{"start":{"line":170,"column":75},"end":{"line":173,"column":10}},"skip":true}},"statementMap":{"1":{"start":{"line":12,"column":0},"end":{"line":185,"column":5}},"2":{"start":{"line":14,"column":4},"end":{"line":14,"column":14}},"3":{"start":{"line":19,"column":4},"end":{"line":56,"column":9}},"4":{"start":{"line":21,"column":8},"end":{"line":21,"column":19}},"5":{"start":{"line":23,"column":8},"end":{"line":35,"column":13}},"6":{"start":{"line":24,"column":12},"end":{"line":34,"column":13}},"7":{"start":{"line":25,"column":16},"end":{"line":28,"column":30}},"8":{"start":{"line":30,"column":16},"end":{"line":33,"column":27}},"9":{"start":{"line":37,"column":8},"end":{"line":39,"column":21}},"10":{"start":{"line":40,"column":8},"end":{"line":53,"column":9}},"11":{"start":{"line":43,"column":12},"end":{"line":46,"column":14}},"12":{"start":{"line":47,"column":12},"end":{"line":47,"column":18}},"13":{"start":{"line":50,"column":12},"end":{"line":51,"column":46}},"14":{"start":{"line":52,"column":12},"end":{"line":52,"column":18}},"15":{"start":{"line":55,"column":8},"end":{"line":55,"column":35}},"16":{"start":{"line":61,"column":4},"end":{"line":63,"column":9}},"17":{"start":{"line":62,"column":8},"end":{"line":62,"column":15}},"18":{"start":{"line":64,"column":4},"end":{"line":77,"column":5}},"19":{"start":{"line":70,"column":8},"end":{"line":70,"column":14}},"20":{"start":{"line":76,"column":8},"end":{"line":76,"column":14}},"21":{"start":{"line":82,"column":4},"end":{"line":84,"column":9}},"22":{"start":{"line":83,"column":8},"end":{"line":83,"column":15}},"23":{"start":{"line":85,"column":4},"end":{"line":184,"column":5}},"24":{"start":{"line":92,"column":8},"end":{"line":94,"column":63}},"25":{"start":{"line":95,"column":8},"end":{"line":95,"column":14}},"26":{"start":{"line":102,"column":8},"end":{"line":111,"column":10},"skip":true},"27":{"start":{"line":109,"column":12},"end":{"line":109,"column":55},"skip":true},"28":{"start":{"line":110,"column":12},"end":{"line":110,"column":48},"skip":true},"29":{"start":{"line":113,"column":8},"end":{"line":126,"column":10},"skip":true},"30":{"start":{"line":120,"column":12},"end":{"line":120,"column":76},"skip":true},"31":{"start":{"line":121,"column":12},"end":{"line":121,"column":73},"skip":true},"32":{"start":{"line":122,"column":12},"end":{"line":122,"column":74},"skip":true},"33":{"start":{"line":123,"column":12},"end":{"line":123,"column":79},"skip":true},"34":{"start":{"line":124,"column":12},"end":{"line":124,"column":25},"skip":true},"35":{"start":{"line":125,"column":12},"end":{"line":125,"column":45},"skip":true},"36":{"start":{"line":128,"column":8},"end":{"line":135,"column":14},"skip":true},"37":{"start":{"line":133,"column":16},"end":{"line":133,"column":29},"skip":true},"38":{"start":{"line":134,"column":16},"end":{"line":134,"column":55},"skip":true},"39":{"start":{"line":137,"column":8},"end":{"line":146,"column":10},"skip":true},"40":{"start":{"line":144,"column":12},"end":{"line":144,"column":25},"skip":true},"41":{"start":{"line":145,"column":12},"end":{"line":145,"column":45},"skip":true},"42":{"start":{"line":148,"column":8},"end":{"line":157,"column":10},"skip":true},"43":{"start":{"line":155,"column":12},"end":{"line":155,"column":25},"skip":true},"44":{"start":{"line":156,"column":12},"end":{"line":156,"column":48},"skip":true},"45":{"start":{"line":159,"column":8},"end":{"line":168,"column":10},"skip":true},"46":{"start":{"line":166,"column":12},"end":{"line":166,"column":25},"skip":true},"47":{"start":{"line":167,"column":12},"end":{"line":167,"column":46},"skip":true},"48":{"start":{"line":170,"column":8},"end":{"line":179,"column":10},"skip":true},"49":{"start":{"line":177,"column":12},"end":{"line":177,"column":94},"skip":true},"50":{"start":{"line":178,"column":12},"end":{"line":178,"column":48},"skip":true},"51":{"start":{"line":182,"column":8},"end":{"line":182,"column":35},"skip":true},"52":{"start":{"line":183,"column":8},"end":{"line":183,"column":14},"skip":true}},"branchMap":{"1":{"line":25,"type":"binary-expr","locations":[{"start":{"line":25,"column":23},"end":{"line":25,"column":62}},{"start":{"line":26,"column":20},"end":{"line":26,"column":70}},{"start":{"line":27,"column":20},"end":{"line":27,"column":71}},{"start":{"line":28,"column":20},"end":{"line":28,"column":29}}]},"2":{"line":30,"type":"binary-expr","locations":[{"start":{"line":30,"column":23},"end":{"line":30,"column":37}},{"start":{"line":31,"column":20},"end":{"line":31,"column":61}},{"start":{"line":32,"column":20},"end":{"line":32,"column":70}},{"start":{"line":33,"column":20},"end":{"line":33,"column":26}}]},"3":{"line":37,"type":"cond-expr","locations":[{"start":{"line":38,"column":14},"end":{"line":38,"column":20}},{"start":{"line":39,"column":14},"end":{"line":39,"column":20}}]},"4":{"line":40,"type":"switch","locations":[{"start":{"line":42,"column":8},"end":{"line":47,"column":18}},{"start":{"line":49,"column":8},"end":{"line":52,"column":18}}]},"5":{"line":44,"type":"binary-expr","locations":[{"start":{"line":44,"column":16},"end":{"line":44,"column":44}},{"start":{"line":44,"column":48},"end":{"line":44,"column":66}}]},"6":{"line":50,"type":"binary-expr","locations":[{"start":{"line":50,"column":21},"end":{"line":50,"column":49}},{"start":{"line":50,"column":53},"end":{"line":50,"column":72}}]},"7":{"line":64,"type":"switch","locations":[{"start":{"line":69,"column":4},"end":{"line":70,"column":14}},{"start":{"line":75,"column":4},"end":{"line":76,"column":14}}]},"8":{"line":85,"type":"switch","locations":[{"start":{"line":90,"column":4},"end":{"line":95,"column":14}},{"start":{"line":101,"column":4},"end":{"line":183,"column":14},"skip":true}]},"9":{"line":92,"type":"binary-expr","locations":[{"start":{"line":92,"column":18},"end":{"line":92,"column":32}},{"start":{"line":93,"column":12},"end":{"line":93,"column":53}},{"start":{"line":94,"column":12},"end":{"line":94,"column":61}}]},"10":{"line":102,"type":"binary-expr","locations":[{"start":{"line":102,"column":45},"end":{"line":102,"column":79},"skip":true},{"start":{"line":102,"column":83},"end":{"line":111,"column":9},"skip":true}]},"11":{"line":113,"type":"binary-expr","locations":[{"start":{"line":113,"column":42},"end":{"line":113,"column":73},"skip":true},{"start":{"line":113,"column":77},"end":{"line":126,"column":9},"skip":true}]},"12":{"line":128,"type":"binary-expr","locations":[{"start":{"line":128,"column":48},"end":{"line":128,"column":85},"skip":true},{"start":{"line":129,"column":12},"end":{"line":135,"column":13},"skip":true}]},"13":{"line":137,"type":"binary-expr","locations":[{"start":{"line":137,"column":42},"end":{"line":137,"column":73},"skip":true},{"start":{"line":137,"column":77},"end":{"line":146,"column":9},"skip":true}]},"14":{"line":148,"type":"binary-expr","locations":[{"start":{"line":148,"column":45},"end":{"line":148,"column":79},"skip":true},{"start":{"line":148,"column":83},"end":{"line":157,"column":9},"skip":true}]},"15":{"line":159,"type":"binary-expr","locations":[{"start":{"line":159,"column":43},"end":{"line":159,"column":75},"skip":true},{"start":{"line":159,"column":79},"end":{"line":168,"column":9},"skip":true}]},"16":{"line":170,"type":"binary-expr","locations":[{"start":{"line":170,"column":41},"end":{"line":170,"column":71},"skip":true},{"start":{"line":170,"column":75},"end":{"line":179,"column":9},"skip":true}]}},"code":["/* istanbul instrument in package npmtest_get_config */","/*jslint","    bitwise: true,","    browser: true,","    maxerr: 8,","    maxlen: 96,","    node: true,","    nomen: true,","    regexp: true,","    stupid: true","*/","(function () {","    'use strict';","    var local;","","","","    // run shared js-env code - pre-init","    (function () {","        // init local","        local = {};","        // init modeJs","        local.modeJs = (function () {","            try {","                return typeof navigator.userAgent === 'string' &&","                    typeof document.querySelector('body') === 'object' &&","                    typeof XMLHttpRequest.prototype.open === 'function' &&","                    'browser';","            } catch (errorCaughtBrowser) {","                return module.exports &&","                    typeof process.versions.node === 'string' &&","                    typeof require('http').createServer === 'function' &&","                    'node';","            }","        }());","        // init global","        local.global = local.modeJs === 'browser'","            ? window","            : global;","        switch (local.modeJs) {","        // re-init local from window.local","        case 'browser':","            local = local.global.utility2.objectSetDefault(","                local.global.utility2_rollup || local.global.local,","                local.global.utility2","            );","            break;","        // re-init local from example.js","        case 'node':","            local = (local.global.utility2_rollup || require('utility2'))","                .requireExampleJsFromReadme();","            break;","        }","        // export local","        local.global.local = local;","    }());","","","","    // run shared js-env code - function","    (function () {","        return;","    }());","    switch (local.modeJs) {","","","","    // run browser js-env code - function","    case 'browser':","        break;","","","","    // run node js-env code - function","    case 'node':","        break;","    }","","","","    // run shared js-env code - post-init","    (function () {","        return;","    }());","    switch (local.modeJs) {","","","","    // run browser js-env code - post-init","    case 'browser':","        // run tests","        local.nop(local.modeTest &&","            document.querySelector('#testRunButton1') &&","            document.querySelector('#testRunButton1').click());","        break;","","","","    // run node js-env code - post-init","    /* istanbul ignore next */","    case 'node':","        local.testCase_buildApidoc_default = local.testCase_buildApidoc_default || function (","            options,","            onError","        ) {","        /*","         * this function will test buildApidoc's default handling-behavior-behavior","         */","            options = { modulePathList: module.paths };","            local.buildApidoc(options, onError);","        };","","        local.testCase_buildApp_default = local.testCase_buildApp_default || function (","            options,","            onError","        ) {","        /*","         * this function will test buildApp's default handling-behavior-behavior","         */","            local.testCase_buildReadme_default(options, local.onErrorThrow);","            local.testCase_buildLib_default(options, local.onErrorThrow);","            local.testCase_buildTest_default(options, local.onErrorThrow);","            local.testCase_buildCustomOrg_default(options, local.onErrorThrow);","            options = [];","            local.buildApp(options, onError);","        };","","        local.testCase_buildCustomOrg_default = local.testCase_buildCustomOrg_default ||","            function (options, onError) {","            /*","             * this function will test buildCustomOrg's default handling-behavior","             */","                options = {};","                local.buildCustomOrg(options, onError);","            };","","        local.testCase_buildLib_default = local.testCase_buildLib_default || function (","            options,","            onError","        ) {","        /*","         * this function will test buildLib's default handling-behavior","         */","            options = {};","            local.buildLib(options, onError);","        };","","        local.testCase_buildReadme_default = local.testCase_buildReadme_default || function (","            options,","            onError","        ) {","        /*","         * this function will test buildReadme's default handling-behavior-behavior","         */","            options = {};","            local.buildReadme(options, onError);","        };","","        local.testCase_buildTest_default = local.testCase_buildTest_default || function (","            options,","            onError","        ) {","        /*","         * this function will test buildTest's default handling-behavior","         */","            options = {};","            local.buildTest(options, onError);","        };","","        local.testCase_webpage_default = local.testCase_webpage_default || function (","            options,","            onError","        ) {","        /*","         * this function will test webpage's default handling-behavior","         */","            options = { modeCoverageMerge: true, url: local.serverLocalHost + '?modeTest=1' };","            local.browserTest(options, onError);","        };","","        // run test-server","        local.testRunServer(local);","        break;","    }","}());",""],"l":{"12":2,"14":2,"19":2,"21":2,"23":2,"24":2,"25":2,"30":1,"37":2,"40":2,"43":1,"47":1,"50":1,"52":1,"55":2,"61":2,"62":2,"64":2,"70":1,"76":1,"82":2,"83":2,"85":2,"92":1,"95":1,"102":1,"109":1,"110":1,"113":1,"120":1,"121":1,"122":1,"123":1,"124":1,"125":1,"128":1,"133":2,"134":2,"137":1,"144":2,"145":2,"148":1,"155":2,"156":2,"159":1,"166":2,"167":2,"170":1,"177":1,"178":1,"182":1,"183":1}},"/home/travis/build/npmtest/node-npmtest-get-config/lib.npmtest_get_config.js":{"path":"/home/travis/build/npmtest/node-npmtest-get-config/lib.npmtest_get_config.js","s":{"1":2,"2":2,"3":2,"4":2,"5":2,"6":2,"7":2,"8":1,"9":2,"10":2,"11":2,"12":2,"13":1,"14":1,"15":1,"16":1},"b":{"1":[2,1,1,1],"2":[1,1,1,1],"3":[1,1],"4":[2,2],"5":[1,1]},"f":{"1":2,"2":2,"3":2},"fnMap":{"1":{"name":"(anonymous_1)","line":12,"loc":{"start":{"line":12,"column":1},"end":{"line":12,"column":13}}},"2":{"name":"(anonymous_2)","line":19,"loc":{"start":{"line":19,"column":5},"end":{"line":19,"column":17}}},"3":{"name":"(anonymous_3)","line":23,"loc":{"start":{"line":23,"column":24},"end":{"line":23,"column":36}}}},"statementMap":{"1":{"start":{"line":12,"column":0},"end":{"line":53,"column":5}},"2":{"start":{"line":14,"column":4},"end":{"line":14,"column":14}},"3":{"start":{"line":19,"column":4},"end":{"line":52,"column":9}},"4":{"start":{"line":21,"column":8},"end":{"line":21,"column":19}},"5":{"start":{"line":23,"column":8},"end":{"line":35,"column":13}},"6":{"start":{"line":24,"column":12},"end":{"line":34,"column":13}},"7":{"start":{"line":25,"column":16},"end":{"line":28,"column":30}},"8":{"start":{"line":30,"column":16},"end":{"line":33,"column":27}},"9":{"start":{"line":37,"column":8},"end":{"line":39,"column":21}},"10":{"start":{"line":41,"column":8},"end":{"line":41,"column":54}},"11":{"start":{"line":43,"column":8},"end":{"line":43,"column":55}},"12":{"start":{"line":45,"column":8},"end":{"line":51,"column":9}},"13":{"start":{"line":46,"column":12},"end":{"line":46,"column":61}},"14":{"start":{"line":48,"column":12},"end":{"line":48,"column":35}},"15":{"start":{"line":49,"column":12},"end":{"line":49,"column":49}},"16":{"start":{"line":50,"column":12},"end":{"line":50,"column":43}}},"branchMap":{"1":{"line":25,"type":"binary-expr","locations":[{"start":{"line":25,"column":23},"end":{"line":25,"column":62}},{"start":{"line":26,"column":20},"end":{"line":26,"column":70}},{"start":{"line":27,"column":20},"end":{"line":27,"column":71}},{"start":{"line":28,"column":20},"end":{"line":28,"column":29}}]},"2":{"line":30,"type":"binary-expr","locations":[{"start":{"line":30,"column":23},"end":{"line":30,"column":37}},{"start":{"line":31,"column":20},"end":{"line":31,"column":61}},{"start":{"line":32,"column":20},"end":{"line":32,"column":70}},{"start":{"line":33,"column":20},"end":{"line":33,"column":26}}]},"3":{"line":37,"type":"cond-expr","locations":[{"start":{"line":38,"column":14},"end":{"line":38,"column":20}},{"start":{"line":39,"column":14},"end":{"line":39,"column":20}}]},"4":{"line":41,"type":"binary-expr","locations":[{"start":{"line":41,"column":16},"end":{"line":41,"column":44}},{"start":{"line":41,"column":48},"end":{"line":41,"column":53}}]},"5":{"line":45,"type":"if","locations":[{"start":{"line":45,"column":8},"end":{"line":45,"column":8}},{"start":{"line":45,"column":8},"end":{"line":45,"column":8}}]}},"code":["/* istanbul instrument in package npmtest_get_config */","/*jslint","    bitwise: true,","    browser: true,","    maxerr: 8,","    maxlen: 96,","    node: true,","    nomen: true,","    regexp: true,","    stupid: true","*/","(function () {","    'use strict';","    var local;","","","","    // run shared js-env code - pre-init","    (function () {","        // init local","        local = {};","        // init modeJs","        local.modeJs = (function () {","            try {","                return typeof navigator.userAgent === 'string' &&","                    typeof document.querySelector('body') === 'object' &&","                    typeof XMLHttpRequest.prototype.open === 'function' &&","                    'browser';","            } catch (errorCaughtBrowser) {","                return module.exports &&","                    typeof process.versions.node === 'string' &&","                    typeof require('http').createServer === 'function' &&","                    'node';","            }","        }());","        // init global","        local.global = local.modeJs === 'browser'","            ? window","            : global;","        // init utility2_rollup","        local = local.global.utility2_rollup || local;","        // init lib","        local.local = local.npmtest_get_config = local;","        // init exports","        if (local.modeJs === 'browser') {","            local.global.utility2_npmtest_get_config = local;","        } else {","            module.exports = local;","            module.exports.__dirname = __dirname;","            module.exports.module = module;","        }","    }());","}());",""],"l":{"12":2,"14":2,"19":2,"21":2,"23":2,"24":2,"25":2,"30":1,"37":2,"41":2,"43":2,"45":2,"46":1,"48":1,"49":1,"50":1}},"/home/travis/build/npmtest/node-npmtest-get-config/example.js":{"path":"/home/travis/build/npmtest/node-npmtest-get-config/example.js","s":{"1":2,"2":2,"3":2,"4":2,"5":2,"6":2,"7":2,"8":1,"9":2,"10":2,"11":2,"12":2,"13":1,"14":2,"15":2,"16":2,"17":2,"18":2,"19":0,"20":2,"21":1,"22":1,"23":1,"24":1,"25":1,"26":0,"27":0,"28":1,"29":1,"30":2,"31":0,"32":0,"33":0,"34":1,"35":2,"36":2,"37":2,"38":2,"39":2,"40":2,"41":0,"42":2,"43":2,"44":2,"45":1,"46":3,"47":1,"48":1,"49":1,"50":1,"51":1,"52":1,"53":1,"54":1,"55":1,"56":1,"57":0,"58":1,"59":6,"60":6,"61":1,"62":2,"63":0,"64":2,"65":1,"66":1,"67":0,"68":0,"69":0,"70":0,"71":0,"72":0,"73":0,"74":0,"75":0,"76":0,"77":0,"78":0,"79":0,"80":0,"81":0,"82":0,"83":0},"b":{"1":[2,1,1,1],"2":[1,1,1,1],"3":[1,1],"4":[2,2],"5":[1,1],"6":[1,1],"7":[2,0],"8":[2,1,1,1,1,1],"9":[0,2,0],"10":[1,1],"11":[2,1,1],"12":[1,0],"13":[0,2],"14":[2,0,0,0,0,0,0],"15":[0,2],"16":[2,0],"17":[1,1],"18":[0,1],"19":[1,2,0,2],"20":[1,0],"21":[1,1],"22":[0,0],"23":[0,0],"24":[0,0],"25":[0,0],"26":[0,0],"27":[0,0],"28":[0,0]},"f":{"1":2,"2":2,"3":2,"4":2,"5":2,"6":2,"7":2,"8":2,"9":3,"10":1,"11":6,"12":0},"fnMap":{"1":{"name":"(anonymous_1)","line":26,"loc":{"start":{"line":26,"column":1},"end":{"line":26,"column":13}}},"2":{"name":"(anonymous_2)","line":33,"loc":{"start":{"line":33,"column":5},"end":{"line":33,"column":17}}},"3":{"name":"(anonymous_3)","line":37,"loc":{"start":{"line":37,"column":24},"end":{"line":37,"column":36}}},"4":{"name":"(anonymous_4)","line":69,"loc":{"start":{"line":69,"column":31},"end":{"line":69,"column":48}},"skip":true},"5":{"name":"(anonymous_5)","line":78,"loc":{"start":{"line":78,"column":26},"end":{"line":78,"column":45}},"skip":true},"6":{"name":"(anonymous_6)","line":123,"loc":{"start":{"line":123,"column":33},"end":{"line":123,"column":48}},"skip":true},"7":{"name":"(anonymous_7)","line":125,"loc":{"start":{"line":125,"column":27},"end":{"line":125,"column":39}},"skip":true},"8":{"name":"(anonymous_8)","line":133,"loc":{"start":{"line":133,"column":59},"end":{"line":133,"column":74}},"skip":true},"9":{"name":"(anonymous_9)","line":143,"loc":{"start":{"line":143,"column":45},"end":{"line":143,"column":62}},"skip":true},"10":{"name":"(anonymous_10)","line":144,"loc":{"start":{"line":144,"column":73},"end":{"line":144,"column":92}},"skip":true},"11":{"name":"(anonymous_11)","line":272,"loc":{"start":{"line":272,"column":51},"end":{"line":272,"column":77}},"skip":true},"12":{"name":"(anonymous_12)","line":314,"loc":{"start":{"line":314,"column":32},"end":{"line":314,"column":61}},"skip":true}},"statementMap":{"1":{"start":{"line":26,"column":0},"end":{"line":325,"column":5}},"2":{"start":{"line":28,"column":4},"end":{"line":28,"column":14}},"3":{"start":{"line":33,"column":4},"end":{"line":60,"column":9}},"4":{"start":{"line":35,"column":8},"end":{"line":35,"column":19}},"5":{"start":{"line":37,"column":8},"end":{"line":49,"column":13}},"6":{"start":{"line":38,"column":12},"end":{"line":48,"column":13}},"7":{"start":{"line":39,"column":16},"end":{"line":42,"column":30}},"8":{"start":{"line":44,"column":16},"end":{"line":47,"column":27}},"9":{"start":{"line":51,"column":8},"end":{"line":53,"column":21}},"10":{"start":{"line":55,"column":8},"end":{"line":57,"column":45}},"11":{"start":{"line":59,"column":8},"end":{"line":59,"column":35}},"12":{"start":{"line":61,"column":4},"end":{"line":324,"column":5}},"13":{"start":{"line":69,"column":8},"end":{"line":121,"column":10},"skip":true},"14":{"start":{"line":70,"column":12},"end":{"line":88,"column":13},"skip":true},"15":{"start":{"line":76,"column":16},"end":{"line":87,"column":19},"skip":true},"16":{"start":{"line":79,"column":20},"end":{"line":86,"column":21},"skip":true},"17":{"start":{"line":82,"column":24},"end":{"line":82,"column":43},"skip":true},"18":{"start":{"line":83,"column":24},"end":{"line":83,"column":30},"skip":true},"19":{"start":{"line":85,"column":24},"end":{"line":85,"column":49},"skip":true},"20":{"start":{"line":89,"column":12},"end":{"line":107,"column":13},"skip":true},"21":{"start":{"line":92,"column":16},"end":{"line":102,"column":17},"skip":true},"22":{"start":{"line":93,"column":20},"end":{"line":93,"column":86},"skip":true},"23":{"start":{"line":94,"column":20},"end":{"line":95,"column":45},"skip":true},"24":{"start":{"line":96,"column":20},"end":{"line":96,"column":42},"skip":true},"25":{"start":{"line":97,"column":20},"end":{"line":97,"column":48},"skip":true},"26":{"start":{"line":100,"column":20},"end":{"line":100,"column":85},"skip":true},"27":{"start":{"line":101,"column":20},"end":{"line":101,"column":96},"skip":true},"28":{"start":{"line":103,"column":16},"end":{"line":103,"column":22},"skip":true},"29":{"start":{"line":106,"column":16},"end":{"line":106,"column":22},"skip":true},"30":{"start":{"line":108,"column":12},"end":{"line":120,"column":13},"skip":true},"31":{"start":{"line":114,"column":16},"end":{"line":119,"column":17},"skip":true},"32":{"start":{"line":116,"column":20},"end":{"line":116,"column":78},"skip":true},"33":{"start":{"line":118,"column":20},"end":{"line":118,"column":47},"skip":true},"34":{"start":{"line":123,"column":8},"end":{"line":141,"column":11},"skip":true},"35":{"start":{"line":124,"column":12},"end":{"line":124,"column":54},"skip":true},"36":{"start":{"line":125,"column":12},"end":{"line":140,"column":14},"skip":true},"37":{"start":{"line":126,"column":16},"end":{"line":126,"column":28},"skip":true},"38":{"start":{"line":127,"column":16},"end":{"line":127,"column":69},"skip":true},"39":{"start":{"line":128,"column":16},"end":{"line":128,"column":75},"skip":true},"40":{"start":{"line":129,"column":16},"end":{"line":131,"column":17},"skip":true},"41":{"start":{"line":130,"column":20},"end":{"line":130,"column":27},"skip":true},"42":{"start":{"line":133,"column":16},"end":{"line":137,"column":36},"skip":true},"43":{"start":{"line":134,"column":20},"end":{"line":136,"column":55},"skip":true},"44":{"start":{"line":139,"column":16},"end":{"line":139,"column":57},"skip":true},"45":{"start":{"line":143,"column":8},"end":{"line":147,"column":11},"skip":true},"46":{"start":{"line":144,"column":12},"end":{"line":146,"column":15},"skip":true},"47":{"start":{"line":145,"column":16},"end":{"line":145,"column":70},"skip":true},"48":{"start":{"line":149,"column":8},"end":{"line":149,"column":31},"skip":true},"49":{"start":{"line":150,"column":8},"end":{"line":150,"column":14},"skip":true},"50":{"start":{"line":158,"column":8},"end":{"line":158,"column":31},"skip":true},"51":{"start":{"line":160,"column":8},"end":{"line":160,"column":33},"skip":true},"52":{"start":{"line":161,"column":8},"end":{"line":161,"column":37},"skip":true},"53":{"start":{"line":162,"column":8},"end":{"line":162,"column":35},"skip":true},"54":{"start":{"line":164,"column":8},"end":{"line":164,"column":50},"skip":true},"55":{"start":{"line":166,"column":8},"end":{"line":256,"column":2},"skip":true},"56":{"start":{"line":258,"column":8},"end":{"line":286,"column":9},"skip":true},"57":{"start":{"line":259,"column":12},"end":{"line":269,"column":14},"skip":true},"58":{"start":{"line":271,"column":12},"end":{"line":285,"column":19},"skip":true},"59":{"start":{"line":274,"column":20},"end":{"line":274,"column":35},"skip":true},"60":{"start":{"line":275,"column":20},"end":{"line":284,"column":21},"skip":true},"61":{"start":{"line":277,"column":24},"end":{"line":277,"column":64},"skip":true},"62":{"start":{"line":279,"column":24},"end":{"line":279,"column":40},"skip":true},"63":{"start":{"line":281,"column":24},"end":{"line":281,"column":40},"skip":true},"64":{"start":{"line":283,"column":24},"end":{"line":283,"column":39},"skip":true},"65":{"start":{"line":288,"column":8},"end":{"line":290,"column":9},"skip":true},"66":{"start":{"line":289,"column":12},"end":{"line":289,"column":18},"skip":true},"67":{"start":{"line":291,"column":8},"end":{"line":293,"column":54},"skip":true},"68":{"start":{"line":294,"column":8},"end":{"line":301,"column":37},"skip":true},"69":{"start":{"line":302,"column":8},"end":{"line":302,"column":82},"skip":true},"70":{"start":{"line":305,"column":8},"end":{"line":307,"column":9},"skip":true},"71":{"start":{"line":306,"column":12},"end":{"line":306,"column":82},"skip":true},"72":{"start":{"line":309,"column":8},"end":{"line":311,"column":9},"skip":true},"73":{"start":{"line":310,"column":12},"end":{"line":310,"column":18},"skip":true},"74":{"start":{"line":312,"column":8},"end":{"line":312,"column":54},"skip":true},"75":{"start":{"line":313,"column":8},"end":{"line":313,"column":69},"skip":true},"76":{"start":{"line":314,"column":8},"end":{"line":322,"column":36},"skip":true},"77":{"start":{"line":315,"column":12},"end":{"line":315,"column":61},"skip":true},"78":{"start":{"line":316,"column":12},"end":{"line":319,"column":13},"skip":true},"79":{"start":{"line":317,"column":16},"end":{"line":317,"column":75},"skip":true},"80":{"start":{"line":318,"column":16},"end":{"line":318,"column":23},"skip":true},"81":{"start":{"line":320,"column":12},"end":{"line":320,"column":38},"skip":true},"82":{"start":{"line":321,"column":12},"end":{"line":321,"column":27},"skip":true},"83":{"start":{"line":323,"column":8},"end":{"line":323,"column":14},"skip":true}},"branchMap":{"1":{"line":39,"type":"binary-expr","locations":[{"start":{"line":39,"column":23},"end":{"line":39,"column":62}},{"start":{"line":40,"column":20},"end":{"line":40,"column":70}},{"start":{"line":41,"column":20},"end":{"line":41,"column":71}},{"start":{"line":42,"column":20},"end":{"line":42,"column":29}}]},"2":{"line":44,"type":"binary-expr","locations":[{"start":{"line":44,"column":23},"end":{"line":44,"column":37}},{"start":{"line":45,"column":20},"end":{"line":45,"column":61}},{"start":{"line":46,"column":20},"end":{"line":46,"column":70}},{"start":{"line":47,"column":20},"end":{"line":47,"column":26}}]},"3":{"line":51,"type":"cond-expr","locations":[{"start":{"line":52,"column":14},"end":{"line":52,"column":20}},{"start":{"line":53,"column":14},"end":{"line":53,"column":20}}]},"4":{"line":55,"type":"binary-expr","locations":[{"start":{"line":55,"column":16},"end":{"line":55,"column":44}},{"start":{"line":55,"column":49},"end":{"line":57,"column":43}}]},"5":{"line":55,"type":"cond-expr","locations":[{"start":{"line":56,"column":14},"end":{"line":56,"column":54}},{"start":{"line":57,"column":14},"end":{"line":57,"column":43}}]},"6":{"line":61,"type":"switch","locations":[{"start":{"line":68,"column":4},"end":{"line":150,"column":14},"skip":true},{"start":{"line":156,"column":4},"end":{"line":323,"column":14},"skip":true}]},"7":{"line":70,"type":"if","locations":[{"start":{"line":70,"column":12},"end":{"line":70,"column":12},"skip":true},{"start":{"line":70,"column":12},"end":{"line":70,"column":12},"skip":true}]},"8":{"line":70,"type":"binary-expr","locations":[{"start":{"line":70,"column":16},"end":{"line":70,"column":22},"skip":true},{"start":{"line":70,"column":27},"end":{"line":70,"column":32},"skip":true},{"start":{"line":71,"column":20},"end":{"line":71,"column":39},"skip":true},{"start":{"line":72,"column":20},"end":{"line":72,"column":49},"skip":true},{"start":{"line":73,"column":20},"end":{"line":73,"column":58},"skip":true},{"start":{"line":74,"column":20},"end":{"line":74,"column":69},"skip":true}]},"9":{"line":79,"type":"switch","locations":[{"start":{"line":80,"column":20},"end":{"line":80,"column":33},"skip":true},{"start":{"line":81,"column":20},"end":{"line":83,"column":30},"skip":true},{"start":{"line":84,"column":20},"end":{"line":85,"column":49},"skip":true}]},"10":{"line":89,"type":"switch","locations":[{"start":{"line":90,"column":12},"end":{"line":103,"column":22},"skip":true},{"start":{"line":105,"column":12},"end":{"line":106,"column":22},"skip":true}]},"11":{"line":89,"type":"binary-expr","locations":[{"start":{"line":89,"column":20},"end":{"line":89,"column":25},"skip":true},{"start":{"line":89,"column":29},"end":{"line":89,"column":48},"skip":true},{"start":{"line":89,"column":52},"end":{"line":89,"column":74},"skip":true}]},"12":{"line":92,"type":"if","locations":[{"start":{"line":92,"column":16},"end":{"line":92,"column":16},"skip":true},{"start":{"line":92,"column":16},"end":{"line":92,"column":16},"skip":true}]},"13":{"line":108,"type":"if","locations":[{"start":{"line":108,"column":12},"end":{"line":108,"column":12},"skip":true},{"start":{"line":108,"column":12},"end":{"line":108,"column":12},"skip":true}]},"14":{"line":108,"type":"binary-expr","locations":[{"start":{"line":108,"column":16},"end":{"line":108,"column":61},"skip":true},{"start":{"line":108,"column":66},"end":{"line":108,"column":72},"skip":true},{"start":{"line":108,"column":77},"end":{"line":108,"column":82},"skip":true},{"start":{"line":109,"column":20},"end":{"line":109,"column":39},"skip":true},{"start":{"line":110,"column":20},"end":{"line":110,"column":49},"skip":true},{"start":{"line":111,"column":20},"end":{"line":111,"column":58},"skip":true},{"start":{"line":112,"column":20},"end":{"line":112,"column":68},"skip":true}]},"15":{"line":129,"type":"if","locations":[{"start":{"line":129,"column":16},"end":{"line":129,"column":16},"skip":true},{"start":{"line":129,"column":16},"end":{"line":129,"column":16},"skip":true}]},"16":{"line":134,"type":"cond-expr","locations":[{"start":{"line":135,"column":26},"end":{"line":135,"column":29},"skip":true},{"start":{"line":136,"column":26},"end":{"line":136,"column":54},"skip":true}]},"17":{"line":164,"type":"binary-expr","locations":[{"start":{"line":164,"column":27},"end":{"line":164,"column":43},"skip":true},{"start":{"line":164,"column":47},"end":{"line":164,"column":49},"skip":true}]},"18":{"line":258,"type":"if","locations":[{"start":{"line":258,"column":8},"end":{"line":258,"column":8},"skip":true},{"start":{"line":258,"column":8},"end":{"line":258,"column":8},"skip":true}]},"19":{"line":275,"type":"switch","locations":[{"start":{"line":276,"column":20},"end":{"line":277,"column":64},"skip":true},{"start":{"line":278,"column":20},"end":{"line":279,"column":40},"skip":true},{"start":{"line":280,"column":20},"end":{"line":281,"column":40},"skip":true},{"start":{"line":282,"column":20},"end":{"line":283,"column":39},"skip":true}]},"20":{"line":288,"type":"if","locations":[{"start":{"line":288,"column":8},"end":{"line":288,"column":8},"skip":true},{"start":{"line":288,"column":8},"end":{"line":288,"column":8},"skip":true}]},"21":{"line":288,"type":"binary-expr","locations":[{"start":{"line":288,"column":12},"end":{"line":288,"column":40},"skip":true},{"start":{"line":288,"column":44},"end":{"line":288,"column":67},"skip":true}]},"22":{"line":292,"type":"binary-expr","locations":[{"start":{"line":292,"column":12},"end":{"line":292,"column":50},"skip":true},{"start":{"line":293,"column":12},"end":{"line":293,"column":53},"skip":true}]},"23":{"line":295,"type":"binary-expr","locations":[{"start":{"line":295,"column":12},"end":{"line":295,"column":68},"skip":true},{"start":{"line":296,"column":12},"end":{"line":301,"column":36},"skip":true}]},"24":{"line":302,"type":"binary-expr","locations":[{"start":{"line":302,"column":43},"end":{"line":302,"column":75},"skip":true},{"start":{"line":302,"column":79},"end":{"line":302,"column":81},"skip":true}]},"25":{"line":305,"type":"if","locations":[{"start":{"line":305,"column":8},"end":{"line":305,"column":8},"skip":true},{"start":{"line":305,"column":8},"end":{"line":305,"column":8},"skip":true}]},"26":{"line":309,"type":"if","locations":[{"start":{"line":309,"column":8},"end":{"line":309,"column":8},"skip":true},{"start":{"line":309,"column":8},"end":{"line":309,"column":8},"skip":true}]},"27":{"line":312,"type":"binary-expr","locations":[{"start":{"line":312,"column":27},"end":{"line":312,"column":43},"skip":true},{"start":{"line":312,"column":47},"end":{"line":312,"column":53},"skip":true}]},"28":{"line":316,"type":"if","locations":[{"start":{"line":316,"column":12},"end":{"line":316,"column":12},"skip":true},{"start":{"line":316,"column":12},"end":{"line":316,"column":12},"skip":true}]}},"code":["/*","example.js","","quickstart example","","instruction","    1. save this script as example.js","    2. run the shell command:","        $ npm install npmtest-get-config && PORT=8081 node example.js","    3. play with the browser-demo on http://127.0.0.1:8081","*/","","","","/* istanbul instrument in package npmtest_get_config */","/*jslint","    bitwise: true,","    browser: true,","    maxerr: 8,","    maxlen: 96,","    node: true,","    nomen: true,","    regexp: true,","    stupid: true","*/","(function () {","    'use strict';","    var local;","","","","    // run shared js-env code - pre-init","    (function () {","        // init local","        local = {};","        // init modeJs","        local.modeJs = (function () {","            try {","                return typeof navigator.userAgent === 'string' &&","                    typeof document.querySelector('body') === 'object' &&","                    typeof XMLHttpRequest.prototype.open === 'function' &&","                    'browser';","            } catch (errorCaughtBrowser) {","                return module.exports &&","                    typeof process.versions.node === 'string' &&","                    typeof require('http').createServer === 'function' &&","                    'node';","            }","        }());","        // init global","        local.global = local.modeJs === 'browser'","            ? window","            : global;","        // init utility2_rollup","        local = local.global.utility2_rollup || (local.modeJs === 'browser'","            ? local.global.utility2_npmtest_get_config","            : global.utility2_moduleExports);","        // export local","        local.global.local = local;","    }());","    switch (local.modeJs) {","","","","    // post-init","    // run browser js-env code - post-init","    /* istanbul ignore next */","    case 'browser':","        local.testRunBrowser = function (event) {","            if (!event || (event &&","                    event.currentTarget &&","                    event.currentTarget.className &&","                    event.currentTarget.className.includes &&","                    event.currentTarget.className.includes('onreset'))) {","                // reset output","                Array.from(","                    document.querySelectorAll('body > .resettable')","                ).forEach(function (element) {","                    switch (element.tagName) {","                    case 'INPUT':","                    case 'TEXTAREA':","                        element.value = '';","                        break;","                    default:","                        element.textContent = '';","                    }","                });","            }","            switch (event && event.currentTarget && event.currentTarget.id) {","            case 'testRunButton1':","                // show tests","                if (document.querySelector('#testReportDiv1').style.display === 'none') {","                    document.querySelector('#testReportDiv1').style.display = 'block';","                    document.querySelector('#testRunButton1').textContent =","                        'hide internal test';","                    local.modeTest = true;","                    local.testRunDefault(local);","                // hide tests","                } else {","                    document.querySelector('#testReportDiv1').style.display = 'none';","                    document.querySelector('#testRunButton1').textContent = 'run internal test';","                }","                break;","            // custom-case","            default:","                break;","            }","            if (document.querySelector('#inputTextareaEval1') && (!event || (event &&","                    event.currentTarget &&","                    event.currentTarget.className &&","                    event.currentTarget.className.includes &&","                    event.currentTarget.className.includes('oneval')))) {","                // try to eval input-code","                try {","                    /*jslint evil: true*/","                    eval(document.querySelector('#inputTextareaEval1').value);","                } catch (errorCaught) {","                    console.error(errorCaught);","                }","            }","        };","        // log stderr and stdout to #outputTextareaStdout1","        ['error', 'log'].forEach(function (key) {","            console[key + '_original'] = console[key];","            console[key] = function () {","                var element;","                console[key + '_original'].apply(console, arguments);","                element = document.querySelector('#outputTextareaStdout1');","                if (!element) {","                    return;","                }","                // append text to #outputTextareaStdout1","                element.value += Array.from(arguments).map(function (arg) {","                    return typeof arg === 'string'","                        ? arg","                        : JSON.stringify(arg, null, 4);","                }).join(' ') + '\\n';","                // scroll textarea to bottom","                element.scrollTop = element.scrollHeight;","            };","        });","        // init event-handling","        ['change', 'click', 'keyup'].forEach(function (event) {","            Array.from(document.querySelectorAll('.on' + event)).forEach(function (element) {","                element.addEventListener(event, local.testRunBrowser);","            });","        });","        // run tests","        local.testRunBrowser();","        break;","","","","    // run node js-env code - post-init","    /* istanbul ignore next */","    case 'node':","        // export local","        module.exports = local;","        // require modules","        local.fs = require('fs');","        local.http = require('http');","        local.url = require('url');","        // init assets","        local.assetsDict = local.assetsDict || {};","        /* jslint-ignore-begin */","        local.assetsDict['/assets.index.template.html'] = '\\","<!doctype html>\\n\\","<html lang=\"en\">\\n\\","<head>\\n\\","<meta charset=\"UTF-8\">\\n\\","<meta name=\"viewport\" content=\"width=device-width, initial-scale=1\">\\n\\","<title>{{env.npm_package_name}} (v{{env.npm_package_version}})</title>\\n\\","<style>\\n\\","/*csslint\\n\\","    box-sizing: false,\\n\\","    universal-selector: false\\n\\","*/\\n\\","* {\\n\\","    box-sizing: border-box;\\n\\","}\\n\\","body {\\n\\","    background: #dde;\\n\\","    font-family: Arial, Helvetica, sans-serif;\\n\\","    margin: 2rem;\\n\\","}\\n\\","body > * {\\n\\","    margin-bottom: 1rem;\\n\\","}\\n\\",".utility2FooterDiv {\\n\\","    margin-top: 20px;\\n\\","    text-align: center;\\n\\","}\\n\\","</style>\\n\\","<style>\\n\\","/*csslint\\n\\","*/\\n\\","textarea {\\n\\","    font-family: monospace;\\n\\","    height: 10rem;\\n\\","    width: 100%;\\n\\","}\\n\\","textarea[readonly] {\\n\\","    background: #ddd;\\n\\","}\\n\\","</style>\\n\\","</head>\\n\\","<body>\\n\\","<!-- utility2-comment\\n\\","<div id=\"ajaxProgressDiv1\" style=\"background: #d00; height: 2px; left: 0; margin: 0; padding: 0; position: fixed; top: 0; transition: background 0.5s, width 1.5s; width: 25%;\"></div>\\n\\","utility2-comment -->\\n\\","<h1>\\n\\","<!-- utility2-comment\\n\\","    <a\\n\\","        {{#if env.npm_package_homepage}}\\n\\","        href=\"{{env.npm_package_homepage}}\"\\n\\","        {{/if env.npm_package_homepage}}\\n\\","        target=\"_blank\"\\n\\","    >\\n\\","utility2-comment -->\\n\\","        {{env.npm_package_name}} (v{{env.npm_package_version}})\\n\\","<!-- utility2-comment\\n\\","    </a>\\n\\","utility2-comment -->\\n\\","</h1>\\n\\","<h3>{{env.npm_package_description}}</h3>\\n\\","<!-- utility2-comment\\n\\","<h4><a download href=\"assets.app.js\">download standalone app</a></h4>\\n\\","<button class=\"onclick onreset\" id=\"testRunButton1\">run internal test</button><br>\\n\\","<div id=\"testReportDiv1\" style=\"display: none;\"></div>\\n\\","utility2-comment -->\\n\\","\\n\\","\\n\\","\\n\\","<label>stderr and stdout</label>\\n\\","<textarea class=\"resettable\" id=\"outputTextareaStdout1\" readonly></textarea>\\n\\","<!-- utility2-comment\\n\\","{{#if isRollup}}\\n\\","<script src=\"assets.app.js\"></script>\\n\\","{{#unless isRollup}}\\n\\","utility2-comment -->\\n\\","<script src=\"assets.utility2.rollup.js\"></script>\\n\\","<script src=\"jsonp.utility2._stateInit?callback=window.utility2._stateInit\"></script>\\n\\","<script src=\"assets.npmtest_get_config.rollup.js\"></script>\\n\\","<script src=\"assets.example.js\"></script>\\n\\","<script src=\"assets.test.js\"></script>\\n\\","<!-- utility2-comment\\n\\","{{/if isRollup}}\\n\\","utility2-comment -->\\n\\","<div class=\"utility2FooterDiv\">\\n\\","    [ this app was created with\\n\\","    <a href=\"https://github.com/kaizhu256/node-utility2\" target=\"_blank\">utility2</a>\\n\\","    ]\\n\\","</div>\\n\\","</body>\\n\\","</html>\\n\\","';","        /* jslint-ignore-end */","        if (local.templateRender) {","            local.assetsDict['/'] = local.templateRender(","                local.assetsDict['/assets.index.template.html'],","                {","                    env: local.objectSetDefault(local.env, {","                        npm_package_description: 'the greatest app in the world!',","                        npm_package_name: 'my-app',","                        npm_package_nameAlias: 'my_app',","                        npm_package_version: '0.0.1'","                    })","                }","            );","        } else {","            local.assetsDict['/'] = local.assetsDict['/assets.index.template.html']","                .replace((/\\{\\{env\\.(\\w+?)\\}\\}/g), function (match0, match1) {","                    // jslint-hack","                    String(match0);","                    switch (match1) {","                    case 'npm_package_description':","                        return 'the greatest app in the world!';","                    case 'npm_package_name':","                        return 'my-app';","                    case 'npm_package_nameAlias':","                        return 'my_app';","                    case 'npm_package_version':","                        return '0.0.1';","                    }","                });","        }","        // run the cli","        if (local.global.utility2_rollup || module !== require.main) {","            break;","        }","        local.assetsDict['/assets.example.js'] =","            local.assetsDict['/assets.example.js'] ||","            local.fs.readFileSync(__filename, 'utf8');","        local.assetsDict['/assets.npmtest_get_config.rollup.js'] =","            local.assetsDict['/assets.npmtest_get_config.rollup.js'] ||","            local.fs.readFileSync(","                // buildCustomOrg-hack","                local.npmtest_get_config.__dirname +","                    '/lib.npmtest_get_config.js',","                'utf8'","            ).replace((/^#!/), '//');","        local.assetsDict['/favicon.ico'] = local.assetsDict['/favicon.ico'] || '';","        // if $npm_config_timeout_exit exists,","        // then exit this process after $npm_config_timeout_exit ms","        if (Number(process.env.npm_config_timeout_exit)) {","            setTimeout(process.exit, Number(process.env.npm_config_timeout_exit));","        }","        // start server","        if (local.global.utility2_serverHttp1) {","            break;","        }","        process.env.PORT = process.env.PORT || '8081';","        console.error('server starting on port ' + process.env.PORT);","        local.http.createServer(function (request, response) {","            request.urlParsed = local.url.parse(request.url);","            if (local.assetsDict[request.urlParsed.pathname] !== undefined) {","                response.end(local.assetsDict[request.urlParsed.pathname]);","                return;","            }","            response.statusCode = 404;","            response.end();","        }).listen(process.env.PORT);","        break;","    }","}());",""],"l":{"26":2,"28":2,"33":2,"35":2,"37":2,"38":2,"39":2,"44":1,"51":2,"55":2,"59":2,"61":2,"69":1,"70":2,"76":2,"79":2,"82":2,"83":2,"85":1,"89":2,"92":1,"93":1,"94":1,"96":1,"97":1,"100":1,"101":1,"103":1,"106":1,"108":2,"114":1,"116":1,"118":1,"123":1,"124":2,"125":2,"126":2,"127":2,"128":2,"129":2,"130":1,"133":2,"134":2,"139":2,"143":1,"144":3,"145":1,"149":1,"150":1,"158":1,"160":1,"161":1,"162":1,"164":1,"166":1,"258":1,"259":1,"271":1,"274":6,"275":6,"277":1,"279":2,"281":1,"283":2,"288":1,"289":1,"291":1,"294":1,"302":1,"305":1,"306":1,"309":1,"310":1,"312":1,"313":1,"314":1,"315":1,"316":1,"317":1,"318":1,"320":1,"321":1,"323":1}},"/home/travis/build/npmtest/node-npmtest-get-config/node_modules/get-config/dist/index.js":{"path":"/home/travis/build/npmtest/node-npmtest-get-config/node_modules/get-config/dist/index.js","s":{"1":1,"2":1,"3":1,"4":20,"5":6,"6":14,"7":14,"8":14,"9":14,"10":1,"11":1,"12":1,"13":0,"14":1,"15":0,"16":0,"17":1,"18":0,"19":0,"20":0,"21":0,"22":0,"23":1,"24":0,"25":1,"26":1,"27":1,"28":0,"29":1,"30":0,"31":0,"32":0,"33":1,"34":0,"35":0,"36":0,"37":1,"38":0,"39":0,"40":0,"41":1,"42":0,"43":0,"44":0,"45":0,"46":0,"47":1,"48":0,"49":0,"50":1,"51":0,"52":0,"53":0,"54":0,"55":0,"56":0,"57":0,"58":0,"59":0,"60":0,"61":0,"62":0,"63":0,"64":0,"65":0,"66":0,"67":0,"68":0,"69":0,"70":0,"71":0,"72":0,"73":0,"74":0,"75":0,"76":0,"77":0,"78":0,"79":0,"80":0,"81":0,"82":0,"83":0,"84":0,"85":0,"86":0,"87":0,"88":0,"89":0,"90":0,"91":0,"92":0,"93":0,"94":0,"95":0,"96":1,"97":1,"98":0,"99":0,"100":0,"101":0,"102":0,"103":1,"104":1,"105":1,"106":0,"107":0,"108":0,"109":0,"110":1,"111":1,"112":0,"113":1,"114":1,"115":0,"116":0,"117":0,"118":0,"119":1,"120":1,"121":0,"122":1,"123":1,"124":0,"125":0,"126":0,"127":0,"128":0,"129":0,"130":0,"131":1,"132":1,"133":1,"134":0,"135":0,"136":0,"137":0,"138":0,"139":0,"140":0,"141":0,"142":1,"143":1,"144":1,"145":0,"146":0,"147":0,"148":0,"149":0,"150":0,"151":0,"152":1,"153":1,"154":1,"155":1,"156":0,"157":0,"158":0,"159":0,"160":0,"161":0,"162":0,"163":0,"164":0,"165":0,"166":1,"167":0,"168":1,"169":0,"170":0,"171":0,"172":1,"173":0,"174":0,"175":0,"176":1,"177":0,"178":0,"179":0,"180":1,"181":0,"182":0,"183":0,"184":0,"185":0,"186":1,"187":0,"188":0,"189":1,"190":0,"191":0,"192":0,"193":0,"194":0,"195":0,"196":0,"197":0,"198":0,"199":0,"200":0,"201":0,"202":0,"203":0,"204":0,"205":0,"206":0,"207":0,"208":0,"209":0,"210":0,"211":0,"212":0,"213":0,"214":0,"215":0,"216":0,"217":0,"218":0,"219":0,"220":0,"221":0,"222":0,"223":0,"224":0,"225":0,"226":0,"227":0,"228":0,"229":0,"230":0,"231":0,"232":0,"233":0,"234":0,"235":1,"236":1,"237":1,"238":1,"239":1,"240":1,"241":1,"242":1,"243":1,"244":1,"245":1,"246":1,"247":1,"248":0,"249":0,"250":0,"251":0,"252":0,"253":0,"254":0,"255":0,"256":0,"257":0,"258":0,"259":0,"260":0,"261":0,"262":0,"263":0,"264":0,"265":0,"266":0,"267":0,"268":1,"269":0,"270":0,"271":0,"272":0,"273":0,"274":0,"275":0,"276":0,"277":0,"278":0,"279":0,"280":0,"281":0,"282":0,"283":0,"284":0,"285":0,"286":0,"287":0,"288":0,"289":0,"290":0,"291":0,"292":0,"293":0,"294":0,"295":0,"296":0,"297":0,"298":0,"299":0,"300":0,"301":1,"302":0,"303":0,"304":0,"305":0,"306":0,"307":0,"308":0,"309":0,"310":0,"311":0,"312":0,"313":0,"314":0,"315":1,"316":0,"317":0,"318":0,"319":0,"320":0,"321":0,"322":1,"323":0,"324":0,"325":0,"326":0,"327":0,"328":0,"329":0,"330":0,"331":0,"332":0,"333":0,"334":0,"335":0,"336":0,"337":0,"338":0,"339":0,"340":0,"341":0,"342":0,"343":0,"344":0,"345":0,"346":0,"347":0,"348":0,"349":0,"350":0,"351":0,"352":0,"353":0,"354":0,"355":0,"356":0,"357":0,"358":0,"359":0,"360":0,"361":0,"362":0,"363":0,"364":0,"365":1,"366":0,"367":0,"368":0,"369":0,"370":0,"371":0,"372":0,"373":0,"374":0,"375":1,"376":1,"377":0,"378":0,"379":0,"380":0,"381":0,"382":0,"383":0,"384":0,"385":1,"386":1,"387":0,"388":1,"389":0,"390":0,"391":0,"392":1,"393":0,"394":0,"395":0,"396":1,"397":0,"398":0,"399":0,"400":1,"401":0,"402":0,"403":0,"404":0,"405":0,"406":1,"407":0,"408":0,"409":1,"410":0,"411":0,"412":0,"413":0,"414":0,"415":0,"416":0,"417":0,"418":0,"419":0,"420":0,"421":0,"422":0,"423":0,"424":0,"425":0,"426":0,"427":0,"428":0,"429":0,"430":0,"431":0,"432":0,"433":0,"434":0,"435":0,"436":0,"437":0,"438":0,"439":0,"440":0,"441":0,"442":0,"443":0,"444":0,"445":0,"446":0,"447":0,"448":0,"449":0,"450":0,"451":0,"452":0,"453":0,"454":0,"455":1,"456":1,"457":0,"458":0,"459":0,"460":0,"461":0,"462":0,"463":0,"464":0,"465":0,"466":0,"467":1,"468":1,"469":0,"470":0,"471":0,"472":0,"473":0,"474":0,"475":1,"476":1,"477":0,"478":1,"479":0,"480":0,"481":0,"482":1,"483":0,"484":0,"485":0,"486":1,"487":0,"488":0,"489":0,"490":1,"491":0,"492":0,"493":0,"494":0,"495":0,"496":1,"497":0,"498":0,"499":1,"500":0,"501":0,"502":0,"503":0,"504":0,"505":0,"506":0,"507":0,"508":0,"509":0,"510":0,"511":0,"512":0,"513":0,"514":0,"515":0,"516":0,"517":0,"518":0,"519":0,"520":0,"521":0,"522":0,"523":0,"524":0,"525":0,"526":0,"527":0,"528":0,"529":0,"530":0,"531":0,"532":0,"533":0,"534":0,"535":0,"536":0,"537":0,"538":0,"539":0,"540":0,"541":0,"542":0,"543":0,"544":0,"545":1,"546":0,"547":0,"548":0,"549":0,"550":0,"551":0,"552":1,"553":1,"554":0,"555":0,"556":0,"557":0,"558":1,"559":1,"560":0,"561":1,"562":0,"563":0,"564":0,"565":1,"566":0,"567":0,"568":0,"569":1,"570":0,"571":0,"572":0,"573":1,"574":0,"575":0,"576":0,"577":0,"578":0,"579":1,"580":0,"581":0,"582":1,"583":0,"584":0,"585":0,"586":0,"587":0,"588":0,"589":0,"590":0,"591":0,"592":0,"593":0,"594":0,"595":0,"596":0,"597":0,"598":0,"599":0,"600":0,"601":0,"602":0,"603":0,"604":0,"605":0,"606":0,"607":0,"608":0,"609":0,"610":0,"611":0,"612":0,"613":0,"614":0,"615":0,"616":0,"617":0,"618":0,"619":0,"620":0,"621":0,"622":0,"623":0,"624":0,"625":0,"626":0,"627":0,"628":1,"629":1,"630":0,"631":0,"632":0,"633":0,"634":0,"635":0,"636":0,"637":1,"638":1,"639":0,"640":0,"641":1,"642":1,"643":0,"644":1,"645":0,"646":0,"647":0,"648":1,"649":0,"650":0,"651":0,"652":1,"653":0,"654":0,"655":0,"656":1,"657":0,"658":0,"659":0,"660":0,"661":0,"662":1,"663":0,"664":0,"665":1,"666":0,"667":0,"668":0,"669":0,"670":0,"671":0,"672":0,"673":0,"674":0,"675":0,"676":0,"677":0,"678":0,"679":0,"680":0,"681":0,"682":0,"683":0,"684":0,"685":0,"686":0,"687":0,"688":0,"689":0,"690":0,"691":0,"692":0,"693":0,"694":0,"695":0,"696":0,"697":0,"698":0,"699":0,"700":0,"701":0,"702":0,"703":0,"704":0,"705":0,"706":0,"707":0,"708":0,"709":0,"710":0,"711":1,"712":1,"713":0,"714":0,"715":0,"716":0,"717":0,"718":0,"719":0,"720":0,"721":0,"722":0,"723":1,"724":1,"725":0,"726":0,"727":0,"728":0,"729":0,"730":0,"731":1,"732":1,"733":0,"734":1,"735":0,"736":0,"737":0,"738":1,"739":0,"740":0,"741":0,"742":1,"743":0,"744":0,"745":0,"746":1,"747":0,"748":0,"749":0,"750":0,"751":0,"752":1,"753":0,"754":0,"755":1,"756":0,"757":0,"758":0,"759":0,"760":0,"761":0,"762":0,"763":0,"764":0,"765":0,"766":0,"767":0,"768":0,"769":0,"770":0,"771":0,"772":0,"773":0,"774":0,"775":0,"776":0,"777":0,"778":0,"779":0,"780":0,"781":0,"782":0,"783":0,"784":0,"785":0,"786":0,"787":0,"788":0,"789":0,"790":0,"791":0,"792":0,"793":0,"794":0,"795":0,"796":0,"797":0,"798":0,"799":0,"800":0,"801":1,"802":1,"803":0,"804":0,"805":0,"806":0,"807":0,"808":0,"809":0,"810":0,"811":0,"812":0,"813":1,"814":1,"815":0,"816":0,"817":0,"818":0,"819":0,"820":0,"821":1,"822":1,"823":0,"824":1,"825":0,"826":0,"827":0,"828":1,"829":0,"830":0,"831":0,"832":1,"833":0,"834":0,"835":0,"836":1,"837":0,"838":0,"839":0,"840":0,"841":0,"842":1,"843":0,"844":0,"845":1,"846":0,"847":0,"848":0,"849":0,"850":0,"851":0,"852":0,"853":0,"854":0,"855":0,"856":0,"857":0,"858":0,"859":0,"860":0,"861":0,"862":0,"863":0,"864":0,"865":0,"866":0,"867":0,"868":0,"869":0,"870":0,"871":0,"872":0,"873":0,"874":0,"875":0,"876":0,"877":0,"878":0,"879":0,"880":0,"881":0,"882":0,"883":0,"884":0,"885":0,"886":0,"887":0,"888":0,"889":0,"890":0,"891":1,"892":1,"893":0,"894":0,"895":0,"896":0,"897":0,"898":0,"899":0,"900":0,"901":0,"902":0,"903":1,"904":1,"905":0,"906":0,"907":0,"908":0,"909":0,"910":0,"911":1,"912":1,"913":1,"914":1,"915":1,"916":1,"917":1,"918":1,"919":1,"920":1},"b":{"1":[6,14],"2":[0,0],"3":[0,0],"4":[0,0],"5":[1,1,1],"6":[0,0],"7":[0,0],"8":[1,1,1],"9":[0,0],"10":[0,0],"11":[0,0],"12":[0,0,0],"13":[0,0],"14":[0,0],"15":[0,0],"16":[0,0,0,0,0,0],"17":[0,0],"18":[0,0,0],"19":[0,0],"20":[0,0],"21":[0,0,0,0],"22":[0,0],"23":[0,0],"24":[0,0],"25":[0,0],"26":[0,0],"27":[0,0],"28":[0,0],"29":[0,0],"30":[0,0],"31":[0,0],"32":[0,0],"33":[1,1,1],"34":[0,0],"35":[0,0],"36":[1,1,1],"37":[0,0],"38":[0,0],"39":[0,0],"40":[0,0,0],"41":[0,0],"42":[0,0],"43":[0,0],"44":[0,0,0,0,0,0],"45":[0,0],"46":[0,0,0],"47":[0,0],"48":[0,0],"49":[0,0,0,0],"50":[0,0],"51":[0,0],"52":[0,0],"53":[0,0],"54":[0,0],"55":[0,0],"56":[0,0],"57":[0,0],"58":[0,0,0,0,0,0,0,0,0,0],"59":[0,0],"60":[0,0],"61":[0,0],"62":[0,0],"63":[0,0],"64":[0,0],"65":[0,0],"66":[0,0,0],"67":[0,0],"68":[0,0],"69":[0,0,0,0,0,0,0,0,0,0,0,0,0,0,0],"70":[0,0],"71":[0,0],"72":[0,0],"73":[0,0],"74":[0,0],"75":[0,0],"76":[0,0],"77":[0,0],"78":[0,0],"79":[0,0],"80":[0,0],"81":[0,0],"82":[1,1,1],"83":[0,0],"84":[0,0],"85":[1,1,1],"86":[0,0],"87":[0,0],"88":[0,0],"89":[0,0,0],"90":[0,0],"91":[0,0],"92":[0,0],"93":[0,0,0,0,0,0],"94":[0,0],"95":[0,0,0],"96":[0,0],"97":[0,0],"98":[0,0,0,0],"99":[0,0],"100":[0,0],"101":[0,0],"102":[0,0],"103":[0,0],"104":[0,0],"105":[0,0],"106":[0,0],"107":[1,1,1],"108":[0,0],"109":[0,0],"110":[1,1,1],"111":[0,0],"112":[0,0],"113":[0,0],"114":[0,0,0],"115":[0,0],"116":[0,0],"117":[0,0],"118":[0,0,0,0,0,0],"119":[0,0],"120":[0,0,0],"121":[0,0],"122":[0,0],"123":[0,0,0,0],"124":[0,0],"125":[0,0],"126":[0,0],"127":[0,0],"128":[0,0],"129":[0,0],"130":[0,0],"131":[1,1,1],"132":[0,0],"133":[0,0],"134":[1,1,1],"135":[0,0],"136":[0,0],"137":[0,0],"138":[0,0,0],"139":[0,0],"140":[0,0],"141":[0,0],"142":[0,0,0,0,0,0],"143":[0,0],"144":[0,0,0],"145":[0,0],"146":[0,0],"147":[0,0,0,0],"148":[0,0],"149":[0,0],"150":[0,0],"151":[0,0],"152":[0,0],"153":[0,0],"154":[0,0],"155":[0,0],"156":[1,1,1],"157":[0,0],"158":[0,0],"159":[1,1,1],"160":[0,0],"161":[0,0],"162":[0,0],"163":[0,0,0],"164":[0,0],"165":[0,0],"166":[0,0],"167":[0,0,0,0,0,0],"168":[0,0],"169":[0,0,0],"170":[0,0],"171":[0,0],"172":[0,0,0,0],"173":[0,0],"174":[0,0],"175":[0,0],"176":[0,0],"177":[0,0],"178":[0,0],"179":[0,0],"180":[0,0],"181":[1,1,1],"182":[0,0],"183":[0,0],"184":[1,1,1],"185":[0,0],"186":[0,0],"187":[0,0],"188":[0,0,0],"189":[0,0],"190":[0,0],"191":[0,0],"192":[0,0,0,0,0,0],"193":[0,0],"194":[0,0,0],"195":[0,0],"196":[0,0],"197":[0,0,0,0],"198":[0,0],"199":[0,0],"200":[0,0],"201":[0,0],"202":[0,0],"203":[0,0],"204":[0,0],"205":[0,0],"206":[1,1,1],"207":[0,0],"208":[0,0],"209":[1,1,1],"210":[0,0],"211":[0,0],"212":[0,0],"213":[0,0,0],"214":[0,0],"215":[0,0],"216":[0,0],"217":[0,0,0,0,0,0],"218":[0,0],"219":[0,0,0],"220":[0,0],"221":[0,0],"222":[0,0,0,0],"223":[0,0],"224":[0,0],"225":[0,0],"226":[0,0],"227":[0,0],"228":[0,0],"229":[0,0],"230":[0,0]},"f":{"1":1,"2":20,"3":0,"4":0,"5":0,"6":0,"7":0,"8":0,"9":1,"10":0,"11":0,"12":0,"13":0,"14":0,"15":0,"16":0,"17":0,"18":0,"19":0,"20":0,"21":0,"22":0,"23":0,"24":0,"25":0,"26":0,"27":0,"28":0,"29":0,"30":0,"31":0,"32":0,"33":0,"34":0,"35":0,"36":0,"37":0,"38":0,"39":0,"40":0,"41":0,"42":0,"43":0,"44":0,"45":0,"46":0,"47":0,"48":0,"49":0,"50":0,"51":1,"52":0,"53":0,"54":0,"55":0,"56":0,"57":0,"58":0,"59":1,"60":0,"61":0,"62":0,"63":0,"64":0,"65":0,"66":0,"67":0,"68":0,"69":0,"70":0,"71":0,"72":0,"73":0,"74":0,"75":0,"76":0,"77":0,"78":0,"79":0,"80":0,"81":0,"82":0,"83":0,"84":0,"85":0,"86":0,"87":0,"88":0,"89":0,"90":0,"91":1,"92":0,"93":0,"94":0,"95":0,"96":0,"97":0,"98":0,"99":0,"100":0,"101":0,"102":0,"103":0,"104":0,"105":0,"106":0,"107":1,"108":0,"109":0,"110":0,"111":0,"112":0,"113":0,"114":0,"115":0,"116":0,"117":0,"118":0,"119":0,"120":0,"121":0,"122":0,"123":0,"124":0,"125":1,"126":0,"127":0,"128":0,"129":0,"130":0,"131":0,"132":0,"133":0,"134":0,"135":0,"136":0,"137":0,"138":0,"139":0,"140":0,"141":1,"142":0,"143":0,"144":0,"145":0,"146":0,"147":0,"148":0,"149":0,"150":0,"151":0,"152":0,"153":0,"154":0,"155":0,"156":0,"157":1,"158":0,"159":0,"160":0,"161":0,"162":0,"163":0,"164":0,"165":0,"166":0,"167":0,"168":0,"169":0,"170":0,"171":0,"172":0,"173":1,"174":0,"175":0,"176":0,"177":0,"178":0,"179":0,"180":0,"181":0,"182":0,"183":0,"184":0,"185":0,"186":0,"187":0,"188":0,"189":1,"190":1,"191":1,"192":1,"193":1},"fnMap":{"1":{"name":"(anonymous_1)","line":2,"loc":{"start":{"line":2,"column":10},"end":{"line":2,"column":28}}},"2":{"name":"__webpack_require__","line":7,"loc":{"start":{"line":7,"column":10},"end":{"line":7,"column":49}}},"3":{"name":"(anonymous_3)","line":38,"loc":{"start":{"line":38,"column":34},"end":{"line":38,"column":50}}},"4":{"name":"(anonymous_4)","line":41,"loc":{"start":{"line":41,"column":34},"end":{"line":41,"column":66}}},"5":{"name":"(anonymous_5)","line":52,"loc":{"start":{"line":52,"column":34},"end":{"line":52,"column":51}}},"6":{"name":"getDefault","line":54,"loc":{"start":{"line":54,"column":12},"end":{"line":54,"column":34}}},"7":{"name":"getModuleExports","line":55,"loc":{"start":{"line":55,"column":12},"end":{"line":55,"column":40}}},"8":{"name":"(anonymous_8)","line":61,"loc":{"start":{"line":61,"column":34},"end":{"line":61,"column":61}}},"9":{"name":"(anonymous_9)","line":72,"loc":{"start":{"line":72,"column":6},"end":{"line":72,"column":53}}},"10":{"name":"(anonymous_10)","line":76,"loc":{"start":{"line":76,"column":44},"end":{"line":76,"column":89}}},"11":{"name":"(anonymous_11)","line":77,"loc":{"start":{"line":77,"column":36},"end":{"line":77,"column":63}}},"12":{"name":"fulfilled","line":78,"loc":{"start":{"line":78,"column":8},"end":{"line":78,"column":34}}},"13":{"name":"rejected","line":79,"loc":{"start":{"line":79,"column":8},"end":{"line":79,"column":33}}},"14":{"name":"step","line":80,"loc":{"start":{"line":80,"column":8},"end":{"line":80,"column":30}}},"15":{"name":"(anonymous_15)","line":80,"loc":{"start":{"line":80,"column":76},"end":{"line":80,"column":95}}},"16":{"name":"(anonymous_16)","line":84,"loc":{"start":{"line":84,"column":48},"end":{"line":84,"column":73}}},"17":{"name":"(anonymous_17)","line":85,"loc":{"start":{"line":85,"column":30},"end":{"line":85,"column":41}}},"18":{"name":"verb","line":87,"loc":{"start":{"line":87,"column":4},"end":{"line":87,"column":21}}},"19":{"name":"(anonymous_19)","line":87,"loc":{"start":{"line":87,"column":30},"end":{"line":87,"column":43}}},"20":{"name":"step","line":88,"loc":{"start":{"line":88,"column":4},"end":{"line":88,"column":22}}},"21":{"name":"exists","line":112,"loc":{"start":{"line":112,"column":0},"end":{"line":112,"column":22}}},"22":{"name":"(anonymous_22)","line":113,"loc":{"start":{"line":113,"column":43},"end":{"line":113,"column":55}}},"23":{"name":"(anonymous_23)","line":114,"loc":{"start":{"line":114,"column":33},"end":{"line":114,"column":47}}},"24":{"name":"(anonymous_24)","line":115,"loc":{"start":{"line":115,"column":46},"end":{"line":115,"column":65}}},"25":{"name":"(anonymous_25)","line":116,"loc":{"start":{"line":116,"column":36},"end":{"line":116,"column":51}}},"26":{"name":"isDir","line":123,"loc":{"start":{"line":123,"column":0},"end":{"line":123,"column":21}}},"27":{"name":"(anonymous_27)","line":124,"loc":{"start":{"line":124,"column":43},"end":{"line":124,"column":55}}},"28":{"name":"(anonymous_28)","line":125,"loc":{"start":{"line":125,"column":33},"end":{"line":125,"column":47}}},"29":{"name":"(anonymous_29)","line":126,"loc":{"start":{"line":126,"column":51},"end":{"line":126,"column":68}}},"30":{"name":"isDirSync","line":131,"loc":{"start":{"line":131,"column":0},"end":{"line":131,"column":25}}},"31":{"name":"isFile","line":135,"loc":{"start":{"line":135,"column":0},"end":{"line":135,"column":22}}},"32":{"name":"(anonymous_32)","line":136,"loc":{"start":{"line":136,"column":43},"end":{"line":136,"column":55}}},"33":{"name":"(anonymous_33)","line":137,"loc":{"start":{"line":137,"column":33},"end":{"line":137,"column":47}}},"34":{"name":"(anonymous_34)","line":138,"loc":{"start":{"line":138,"column":51},"end":{"line":138,"column":68}}},"35":{"name":"isFileSync","line":143,"loc":{"start":{"line":143,"column":0},"end":{"line":143,"column":26}}},"36":{"name":"lstat","line":147,"loc":{"start":{"line":147,"column":0},"end":{"line":147,"column":21}}},"37":{"name":"(anonymous_37)","line":148,"loc":{"start":{"line":148,"column":43},"end":{"line":148,"column":55}}},"38":{"name":"(anonymous_38)","line":149,"loc":{"start":{"line":149,"column":33},"end":{"line":149,"column":47}}},"39":{"name":"(anonymous_39)","line":150,"loc":{"start":{"line":150,"column":46},"end":{"line":150,"column":73}}},"40":{"name":"(anonymous_40)","line":151,"loc":{"start":{"line":151,"column":35},"end":{"line":151,"column":57}}},"41":{"name":"readDir","line":163,"loc":{"start":{"line":163,"column":0},"end":{"line":163,"column":32}}},"42":{"name":"(anonymous_42)","line":164,"loc":{"start":{"line":164,"column":43},"end":{"line":164,"column":55}}},"43":{"name":"(anonymous_43)","line":165,"loc":{"start":{"line":165,"column":33},"end":{"line":165,"column":47}}},"44":{"name":"(anonymous_44)","line":166,"loc":{"start":{"line":166,"column":46},"end":{"line":166,"column":73}}},"45":{"name":"(anonymous_45)","line":168,"loc":{"start":{"line":168,"column":38},"end":{"line":168,"column":60}}},"46":{"name":"readFile","line":180,"loc":{"start":{"line":180,"column":0},"end":{"line":180,"column":33}}},"47":{"name":"(anonymous_47)","line":181,"loc":{"start":{"line":181,"column":43},"end":{"line":181,"column":55}}},"48":{"name":"(anonymous_48)","line":182,"loc":{"start":{"line":182,"column":33},"end":{"line":182,"column":47}}},"49":{"name":"(anonymous_49)","line":183,"loc":{"start":{"line":183,"column":46},"end":{"line":183,"column":73}}},"50":{"name":"(anonymous_50)","line":184,"loc":{"start":{"line":184,"column":47},"end":{"line":184,"column":68}}},"51":{"name":"(anonymous_51)","line":200,"loc":{"start":{"line":200,"column":6},"end":{"line":200,"column":32}}},"52":{"name":"(anonymous_52)","line":206,"loc":{"start":{"line":206,"column":6},"end":{"line":206,"column":32}}},"53":{"name":"webpackEmptyContext","line":208,"loc":{"start":{"line":208,"column":0},"end":{"line":208,"column":34}}},"54":{"name":"(anonymous_54)","line":211,"loc":{"start":{"line":211,"column":27},"end":{"line":211,"column":38}}},"55":{"name":"(anonymous_55)","line":219,"loc":{"start":{"line":219,"column":6},"end":{"line":219,"column":32}}},"56":{"name":"(anonymous_56)","line":225,"loc":{"start":{"line":225,"column":6},"end":{"line":225,"column":32}}},"57":{"name":"(anonymous_57)","line":231,"loc":{"start":{"line":231,"column":6},"end":{"line":231,"column":32}}},"58":{"name":"(anonymous_58)","line":237,"loc":{"start":{"line":237,"column":6},"end":{"line":237,"column":32}}},"59":{"name":"(anonymous_59)","line":243,"loc":{"start":{"line":243,"column":6},"end":{"line":243,"column":53}}},"60":{"name":"(anonymous_60)","line":247,"loc":{"start":{"line":247,"column":44},"end":{"line":247,"column":89}}},"61":{"name":"(anonymous_61)","line":248,"loc":{"start":{"line":248,"column":36},"end":{"line":248,"column":63}}},"62":{"name":"fulfilled","line":249,"loc":{"start":{"line":249,"column":8},"end":{"line":249,"column":34}}},"63":{"name":"rejected","line":250,"loc":{"start":{"line":250,"column":8},"end":{"line":250,"column":33}}},"64":{"name":"step","line":251,"loc":{"start":{"line":251,"column":8},"end":{"line":251,"column":30}}},"65":{"name":"(anonymous_65)","line":251,"loc":{"start":{"line":251,"column":76},"end":{"line":251,"column":95}}},"66":{"name":"(anonymous_66)","line":255,"loc":{"start":{"line":255,"column":48},"end":{"line":255,"column":73}}},"67":{"name":"(anonymous_67)","line":256,"loc":{"start":{"line":256,"column":30},"end":{"line":256,"column":41}}},"68":{"name":"verb","line":258,"loc":{"start":{"line":258,"column":4},"end":{"line":258,"column":21}}},"69":{"name":"(anonymous_69)","line":258,"loc":{"start":{"line":258,"column":30},"end":{"line":258,"column":43}}},"70":{"name":"step","line":259,"loc":{"start":{"line":259,"column":4},"end":{"line":259,"column":22}}},"71":{"name":"_buildLoadTasks","line":294,"loc":{"start":{"line":294,"column":0},"end":{"line":294,"column":37}}},"72":{"name":"(anonymous_72)","line":296,"loc":{"start":{"line":296,"column":38},"end":{"line":296,"column":59}}},"73":{"name":"(anonymous_73)","line":304,"loc":{"start":{"line":304,"column":104},"end":{"line":304,"column":120}}},"74":{"name":"(anonymous_74)","line":307,"loc":{"start":{"line":307,"column":54},"end":{"line":307,"column":70}}},"75":{"name":"(anonymous_75)","line":310,"loc":{"start":{"line":310,"column":56},"end":{"line":310,"column":72}}},"76":{"name":"(anonymous_76)","line":313,"loc":{"start":{"line":313,"column":56},"end":{"line":313,"column":72}}},"77":{"name":"(anonymous_77)","line":316,"loc":{"start":{"line":316,"column":55},"end":{"line":316,"column":71}}},"78":{"name":"(anonymous_78)","line":319,"loc":{"start":{"line":319,"column":80},"end":{"line":319,"column":96}}},"79":{"name":"_loadDir","line":324,"loc":{"start":{"line":324,"column":0},"end":{"line":324,"column":23}}},"80":{"name":"(anonymous_80)","line":325,"loc":{"start":{"line":325,"column":43},"end":{"line":325,"column":55}}},"81":{"name":"(anonymous_81)","line":327,"loc":{"start":{"line":327,"column":33},"end":{"line":327,"column":47}}},"82":{"name":"_loadDirSync","line":369,"loc":{"start":{"line":369,"column":0},"end":{"line":369,"column":27}}},"83":{"name":"_setup","line":389,"loc":{"start":{"line":389,"column":0},"end":{"line":389,"column":36}}},"84":{"name":"_load","line":399,"loc":{"start":{"line":399,"column":0},"end":{"line":399,"column":47}}},"85":{"name":"(anonymous_85)","line":400,"loc":{"start":{"line":400,"column":43},"end":{"line":400,"column":55}}},"86":{"name":"(anonymous_86)","line":402,"loc":{"start":{"line":402,"column":33},"end":{"line":402,"column":47}}},"87":{"name":"load","line":459,"loc":{"start":{"line":459,"column":0},"end":{"line":459,"column":40}}},"88":{"name":"(anonymous_88)","line":467,"loc":{"start":{"line":467,"column":18},"end":{"line":467,"column":36}}},"89":{"name":"(anonymous_89)","line":468,"loc":{"start":{"line":468,"column":19},"end":{"line":468,"column":34}}},"90":{"name":"loadSync","line":473,"loc":{"start":{"line":473,"column":0},"end":{"line":473,"column":34}}},"91":{"name":"(anonymous_91)","line":490,"loc":{"start":{"line":490,"column":6},"end":{"line":490,"column":53}}},"92":{"name":"(anonymous_92)","line":494,"loc":{"start":{"line":494,"column":44},"end":{"line":494,"column":89}}},"93":{"name":"(anonymous_93)","line":495,"loc":{"start":{"line":495,"column":36},"end":{"line":495,"column":63}}},"94":{"name":"fulfilled","line":496,"loc":{"start":{"line":496,"column":8},"end":{"line":496,"column":34}}},"95":{"name":"rejected","line":497,"loc":{"start":{"line":497,"column":8},"end":{"line":497,"column":33}}},"96":{"name":"step","line":498,"loc":{"start":{"line":498,"column":8},"end":{"line":498,"column":30}}},"97":{"name":"(anonymous_97)","line":498,"loc":{"start":{"line":498,"column":76},"end":{"line":498,"column":95}}},"98":{"name":"(anonymous_98)","line":502,"loc":{"start":{"line":502,"column":48},"end":{"line":502,"column":73}}},"99":{"name":"(anonymous_99)","line":503,"loc":{"start":{"line":503,"column":30},"end":{"line":503,"column":41}}},"100":{"name":"verb","line":505,"loc":{"start":{"line":505,"column":4},"end":{"line":505,"column":21}}},"101":{"name":"(anonymous_101)","line":505,"loc":{"start":{"line":505,"column":30},"end":{"line":505,"column":43}}},"102":{"name":"step","line":506,"loc":{"start":{"line":506,"column":4},"end":{"line":506,"column":22}}},"103":{"name":"load","line":530,"loc":{"start":{"line":530,"column":0},"end":{"line":530,"column":20}}},"104":{"name":"(anonymous_104)","line":531,"loc":{"start":{"line":531,"column":43},"end":{"line":531,"column":55}}},"105":{"name":"(anonymous_105)","line":533,"loc":{"start":{"line":533,"column":33},"end":{"line":533,"column":47}}},"106":{"name":"loadSync","line":551,"loc":{"start":{"line":551,"column":0},"end":{"line":551,"column":24}}},"107":{"name":"(anonymous_107)","line":567,"loc":{"start":{"line":567,"column":6},"end":{"line":567,"column":53}}},"108":{"name":"(anonymous_108)","line":571,"loc":{"start":{"line":571,"column":44},"end":{"line":571,"column":89}}},"109":{"name":"(anonymous_109)","line":572,"loc":{"start":{"line":572,"column":36},"end":{"line":572,"column":63}}},"110":{"name":"fulfilled","line":573,"loc":{"start":{"line":573,"column":8},"end":{"line":573,"column":34}}},"111":{"name":"rejected","line":574,"loc":{"start":{"line":574,"column":8},"end":{"line":574,"column":33}}},"112":{"name":"step","line":575,"loc":{"start":{"line":575,"column":8},"end":{"line":575,"column":30}}},"113":{"name":"(anonymous_113)","line":575,"loc":{"start":{"line":575,"column":76},"end":{"line":575,"column":95}}},"114":{"name":"(anonymous_114)","line":579,"loc":{"start":{"line":579,"column":48},"end":{"line":579,"column":73}}},"115":{"name":"(anonymous_115)","line":580,"loc":{"start":{"line":580,"column":30},"end":{"line":580,"column":41}}},"116":{"name":"verb","line":582,"loc":{"start":{"line":582,"column":4},"end":{"line":582,"column":21}}},"117":{"name":"(anonymous_117)","line":582,"loc":{"start":{"line":582,"column":30},"end":{"line":582,"column":43}}},"118":{"name":"step","line":583,"loc":{"start":{"line":583,"column":4},"end":{"line":583,"column":22}}},"119":{"name":"load","line":606,"loc":{"start":{"line":606,"column":0},"end":{"line":606,"column":20}}},"120":{"name":"(anonymous_120)","line":607,"loc":{"start":{"line":607,"column":43},"end":{"line":607,"column":55}}},"121":{"name":"(anonymous_121)","line":608,"loc":{"start":{"line":608,"column":33},"end":{"line":608,"column":47}}},"122":{"name":"webpackMissingModule","line":609,"loc":{"start":{"line":609,"column":36},"end":{"line":609,"column":68}}},"123":{"name":"loadSync","line":614,"loc":{"start":{"line":614,"column":0},"end":{"line":614,"column":24}}},"124":{"name":"webpackMissingModule","line":615,"loc":{"start":{"line":615,"column":13},"end":{"line":615,"column":45}}},"125":{"name":"(anonymous_125)","line":622,"loc":{"start":{"line":622,"column":6},"end":{"line":622,"column":53}}},"126":{"name":"(anonymous_126)","line":626,"loc":{"start":{"line":626,"column":44},"end":{"line":626,"column":89}}},"127":{"name":"(anonymous_127)","line":627,"loc":{"start":{"line":627,"column":36},"end":{"line":627,"column":63}}},"128":{"name":"fulfilled","line":628,"loc":{"start":{"line":628,"column":8},"end":{"line":628,"column":34}}},"129":{"name":"rejected","line":629,"loc":{"start":{"line":629,"column":8},"end":{"line":629,"column":33}}},"130":{"name":"step","line":630,"loc":{"start":{"line":630,"column":8},"end":{"line":630,"column":30}}},"131":{"name":"(anonymous_131)","line":630,"loc":{"start":{"line":630,"column":76},"end":{"line":630,"column":95}}},"132":{"name":"(anonymous_132)","line":634,"loc":{"start":{"line":634,"column":48},"end":{"line":634,"column":73}}},"133":{"name":"(anonymous_133)","line":635,"loc":{"start":{"line":635,"column":30},"end":{"line":635,"column":41}}},"134":{"name":"verb","line":637,"loc":{"start":{"line":637,"column":4},"end":{"line":637,"column":21}}},"135":{"name":"(anonymous_135)","line":637,"loc":{"start":{"line":637,"column":30},"end":{"line":637,"column":43}}},"136":{"name":"step","line":638,"loc":{"start":{"line":638,"column":4},"end":{"line":638,"column":22}}},"137":{"name":"load","line":662,"loc":{"start":{"line":662,"column":0},"end":{"line":662,"column":20}}},"138":{"name":"(anonymous_138)","line":663,"loc":{"start":{"line":663,"column":43},"end":{"line":663,"column":55}}},"139":{"name":"(anonymous_139)","line":665,"loc":{"start":{"line":665,"column":33},"end":{"line":665,"column":47}}},"140":{"name":"loadSync","line":676,"loc":{"start":{"line":676,"column":0},"end":{"line":676,"column":24}}},"141":{"name":"(anonymous_141)","line":685,"loc":{"start":{"line":685,"column":6},"end":{"line":685,"column":53}}},"142":{"name":"(anonymous_142)","line":689,"loc":{"start":{"line":689,"column":44},"end":{"line":689,"column":89}}},"143":{"name":"(anonymous_143)","line":690,"loc":{"start":{"line":690,"column":36},"end":{"line":690,"column":63}}},"144":{"name":"fulfilled","line":691,"loc":{"start":{"line":691,"column":8},"end":{"line":691,"column":34}}},"145":{"name":"rejected","line":692,"loc":{"start":{"line":692,"column":8},"end":{"line":692,"column":33}}},"146":{"name":"step","line":693,"loc":{"start":{"line":693,"column":8},"end":{"line":693,"column":30}}},"147":{"name":"(anonymous_147)","line":693,"loc":{"start":{"line":693,"column":76},"end":{"line":693,"column":95}}},"148":{"name":"(anonymous_148)","line":697,"loc":{"start":{"line":697,"column":48},"end":{"line":697,"column":73}}},"149":{"name":"(anonymous_149)","line":698,"loc":{"start":{"line":698,"column":30},"end":{"line":698,"column":41}}},"150":{"name":"verb","line":700,"loc":{"start":{"line":700,"column":4},"end":{"line":700,"column":21}}},"151":{"name":"(anonymous_151)","line":700,"loc":{"start":{"line":700,"column":30},"end":{"line":700,"column":43}}},"152":{"name":"step","line":701,"loc":{"start":{"line":701,"column":4},"end":{"line":701,"column":22}}},"153":{"name":"load","line":725,"loc":{"start":{"line":725,"column":0},"end":{"line":725,"column":20}}},"154":{"name":"(anonymous_154)","line":726,"loc":{"start":{"line":726,"column":43},"end":{"line":726,"column":55}}},"155":{"name":"(anonymous_155)","line":728,"loc":{"start":{"line":728,"column":33},"end":{"line":728,"column":47}}},"156":{"name":"loadSync","line":746,"loc":{"start":{"line":746,"column":0},"end":{"line":746,"column":24}}},"157":{"name":"(anonymous_157)","line":762,"loc":{"start":{"line":762,"column":6},"end":{"line":762,"column":53}}},"158":{"name":"(anonymous_158)","line":766,"loc":{"start":{"line":766,"column":44},"end":{"line":766,"column":89}}},"159":{"name":"(anonymous_159)","line":767,"loc":{"start":{"line":767,"column":36},"end":{"line":767,"column":63}}},"160":{"name":"fulfilled","line":768,"loc":{"start":{"line":768,"column":8},"end":{"line":768,"column":34}}},"161":{"name":"rejected","line":769,"loc":{"start":{"line":769,"column":8},"end":{"line":769,"column":33}}},"162":{"name":"step","line":770,"loc":{"start":{"line":770,"column":8},"end":{"line":770,"column":30}}},"163":{"name":"(anonymous_163)","line":770,"loc":{"start":{"line":770,"column":76},"end":{"line":770,"column":95}}},"164":{"name":"(anonymous_164)","line":774,"loc":{"start":{"line":774,"column":48},"end":{"line":774,"column":73}}},"165":{"name":"(anonymous_165)","line":775,"loc":{"start":{"line":775,"column":30},"end":{"line":775,"column":41}}},"166":{"name":"verb","line":777,"loc":{"start":{"line":777,"column":4},"end":{"line":777,"column":21}}},"167":{"name":"(anonymous_167)","line":777,"loc":{"start":{"line":777,"column":30},"end":{"line":777,"column":43}}},"168":{"name":"step","line":778,"loc":{"start":{"line":778,"column":4},"end":{"line":778,"column":22}}},"169":{"name":"load","line":802,"loc":{"start":{"line":802,"column":0},"end":{"line":802,"column":20}}},"170":{"name":"(anonymous_170)","line":803,"loc":{"start":{"line":803,"column":43},"end":{"line":803,"column":55}}},"171":{"name":"(anonymous_171)","line":805,"loc":{"start":{"line":805,"column":33},"end":{"line":805,"column":47}}},"172":{"name":"loadSy
[...]
 };","    }","};","function load(path) {","    return __awaiter(this, void 0, void 0, function () {","        return __generator(this, function (_a) {","            return [2 /*return*/, !(function webpackMissingModule() { var e = new Error(\"Cannot find module \\\".\\\"\"); e.code = 'MODULE_NOT_FOUND'; throw e; }())];","        });","    });","}","exports.load = load;","function loadSync(path) {","    return !(function webpackMissingModule() { var e = new Error(\"Cannot find module \\\".\\\"\"); e.code = 'MODULE_NOT_FOUND'; throw e; }());","}","exports.loadSync = loadSync;","","","/***/ },","/* 10 */","/***/ function(module, exports, __webpack_require__) {","","\"use strict\";","","var __awaiter = (this && this.__awaiter) || function (thisArg, _arguments, P, generator) {","    return new (P || (P = Promise))(function (resolve, reject) {","        function fulfilled(value) { try { step(generator.next(value)); } catch (e) { reject(e); } }","        function rejected(value) { try { step(generator[\"throw\"](value)); } catch (e) { reject(e); } }","        function step(result) { result.done ? resolve(result.value) : new P(function (resolve) { resolve(result.value); }).then(fulfilled, rejected); }","        step((generator = generator.apply(thisArg, _arguments)).next());","    });","};","var __generator = (this && this.__generator) || function (thisArg, body) {","    var _ = { label: 0, sent: function() { if (t[0] & 1) throw t[1]; return t[1]; }, trys: [], ops: [] }, f, y, t;","    return { next: verb(0), \"throw\": verb(1), \"return\": verb(2) };","    function verb(n) { return function (v) { return step([n, v]); }; }","    function step(op) {","        if (f) throw new TypeError(\"Generator is already executing.\");","        while (_) try {","            if (f = 1, y && (t = y[op[0] & 2 ? \"return\" : op[0] ? \"throw\" : \"next\"]) && !(t = t.call(y, op[1])).done) return t;","            if (y = 0, t) op = [0, t.value];","            switch (op[0]) {","                case 0: case 1: t = op; break;","                case 4: _.label++; return { value: op[1], done: false };","                case 5: _.label++; y = op[1]; op = [0]; continue;","                case 7: op = _.ops.pop(); _.trys.pop(); continue;","                default:","                    if (!(t = _.trys, t = t.length > 0 && t[t.length - 1]) && (op[0] === 6 || op[0] === 2)) { _ = 0; continue; }","                    if (op[0] === 3 && (!t || (op[1] > t[0] && op[1] < t[3]))) { _.label = op[1]; break; }","                    if (op[0] === 6 && _.label < t[1]) { _.label = t[1]; t = op; break; }","                    if (t && _.label < t[2]) { _.label = t[2]; _.ops.push(op); break; }","                    if (t[2]) _.ops.pop();","                    _.trys.pop(); continue;","            }","            op = body.call(thisArg, _);","        } catch (e) { op = [6, e]; y = 0; } finally { f = t = 0; }","        if (op[0] & 5) throw op[1]; return { value: op[0] ? op[1] : void 0, done: true };","    }","};","var fs_1 = __webpack_require__(0);","function load(path) {","    return __awaiter(this, void 0, void 0, function () {","        var content;","        return __generator(this, function (_a) {","            switch (_a.label) {","                case 0: return [4 /*yield*/, fs_1.readFile(path, { encoding: 'utf8' })];","                case 1:","                    content = _a.sent();","                    return [2 /*return*/, JSON.parse(content.toString())];","            }","        });","    });","}","exports.load = load;","function loadSync(path) {","    var content = fs_1.readFileSync(path, { encoding: 'utf8' });","    return JSON.parse(content);","}","exports.loadSync = loadSync;","","","/***/ },","/* 11 */","/***/ function(module, exports, __webpack_require__) {","","\"use strict\";","","var __awaiter = (this && this.__awaiter) || function (thisArg, _arguments, P, generator) {","    return new (P || (P = Promise))(function (resolve, reject) {","        function fulfilled(value) { try { step(generator.next(value)); } catch (e) { reject(e); } }","        function rejected(value) { try { step(generator[\"throw\"](value)); } catch (e) { reject(e); } }","        function step(result) { result.done ? resolve(result.value) : new P(function (resolve) { resolve(result.value); }).then(fulfilled, rejected); }","        step((generator = generator.apply(thisArg, _arguments)).next());","    });","};","var __generator = (this && this.__generator) || function (thisArg, body) {","    var _ = { label: 0, sent: function() { if (t[0] & 1) throw t[1]; return t[1]; }, trys: [], ops: [] }, f, y, t;","    return { next: verb(0), \"throw\": verb(1), \"return\": verb(2) };","    function verb(n) { return function (v) { return step([n, v]); }; }","    function step(op) {","        if (f) throw new TypeError(\"Generator is already executing.\");","        while (_) try {","            if (f = 1, y && (t = y[op[0] & 2 ? \"return\" : op[0] ? \"throw\" : \"next\"]) && !(t = t.call(y, op[1])).done) return t;","            if (y = 0, t) op = [0, t.value];","            switch (op[0]) {","                case 0: case 1: t = op; break;","                case 4: _.label++; return { value: op[1], done: false };","                case 5: _.label++; y = op[1]; op = [0]; continue;","                case 7: op = _.ops.pop(); _.trys.pop(); continue;","                default:","                    if (!(t = _.trys, t = t.length > 0 && t[t.length - 1]) && (op[0] === 6 || op[0] === 2)) { _ = 0; continue; }","                    if (op[0] === 3 && (!t || (op[1] > t[0] && op[1] < t[3]))) { _.label = op[1]; break; }","                    if (op[0] === 6 && _.label < t[1]) { _.label = t[1]; t = op; break; }","                    if (t && _.label < t[2]) { _.label = t[2]; _.ops.push(op); break; }","                    if (t[2]) _.ops.pop();","                    _.trys.pop(); continue;","            }","            op = body.call(thisArg, _);","        } catch (e) { op = [6, e]; y = 0; } finally { f = t = 0; }","        if (op[0] & 5) throw op[1]; return { value: op[0] ? op[1] : void 0, done: true };","    }","};","var _a = __webpack_require__(0), readFile = _a.readFile, readFileSync = _a.readFileSync;","function load(path) {","    return __awaiter(this, void 0, void 0, function () {","        var toml, content;","        return __generator(this, function (_a) {","            switch (_a.label) {","                case 0:","                    try {","                        toml = __webpack_require__(5);","                    }","                    catch (err) {","                        throw new Error('Please install TOML parser: `npm install toml`');","                    }","                    return [4 /*yield*/, readFile(path, { encoding: 'utf8' })];","                case 1:","                    content = _a.sent();","                    return [2 /*return*/, toml.parse(content)];","            }","        });","    });","}","exports.load = load;","function loadSync(path) {","    var toml;","    try {","        toml = __webpack_require__(5);","    }","    catch (err) {","        throw new Error('Please install TOML parser: `npm install toml`');","    }","    var content = readFileSync(path, { encoding: 'utf8' });","    return toml.parse(content);","}","exports.loadSync = loadSync;","","","/***/ },","/* 12 */","/***/ function(module, exports, __webpack_require__) {","","\"use strict\";","","var __awaiter = (this && this.__awaiter) || function (thisArg, _arguments, P, generator) {","    return new (P || (P = Promise))(function (resolve, reject) {","        function fulfilled(value) { try { step(generator.next(value)); } catch (e) { reject(e); } }","        function rejected(value) { try { step(generator[\"throw\"](value)); } catch (e) { reject(e); } }","        function step(result) { result.done ? resolve(result.value) : new P(function (resolve) { resolve(result.value); }).then(fulfilled, rejected); }","        step((generator = generator.apply(thisArg, _arguments)).next());","    });","};","var __generator = (this && this.__generator) || function (thisArg, body) {","    var _ = { label: 0, sent: function() { if (t[0] & 1) throw t[1]; return t[1]; }, trys: [], ops: [] }, f, y, t;","    return { next: verb(0), \"throw\": verb(1), \"return\": verb(2) };","    function verb(n) { return function (v) { return step([n, v]); }; }","    function step(op) {","        if (f) throw new TypeError(\"Generator is already executing.\");","        while (_) try {","            if (f = 1, y && (t = y[op[0] & 2 ? \"return\" : op[0] ? \"throw\" : \"next\"]) && !(t = t.call(y, op[1])).done) return t;","            if (y = 0, t) op = [0, t.value];","            switch (op[0]) {","                case 0: case 1: t = op; break;","                case 4: _.label++; return { value: op[1], done: false };","                case 5: _.label++; y = op[1]; op = [0]; continue;","                case 7: op = _.ops.pop(); _.trys.pop(); continue;","                default:","                    if (!(t = _.trys, t = t.length > 0 && t[t.length - 1]) && (op[0] === 6 || op[0] === 2)) { _ = 0; continue; }","                    if (op[0] === 3 && (!t || (op[1] > t[0] && op[1] < t[3]))) { _.label = op[1]; break; }","                    if (op[0] === 6 && _.label < t[1]) { _.label = t[1]; t = op; break; }","                    if (t && _.label < t[2]) { _.label = t[2]; _.ops.push(op); break; }","                    if (t[2]) _.ops.pop();","                    _.trys.pop(); continue;","            }","            op = body.call(thisArg, _);","        } catch (e) { op = [6, e]; y = 0; } finally { f = t = 0; }","        if (op[0] & 5) throw op[1]; return { value: op[0] ? op[1] : void 0, done: true };","    }","};","var fs_1 = __webpack_require__(0);","function load(path) {","    return __awaiter(this, void 0, void 0, function () {","        var xml2json, content;","        return __generator(this, function (_a) {","            switch (_a.label) {","                case 0:","                    try {","                        xml2json = __webpack_require__(6);","                    }","                    catch (err) {","                        throw new Error('Please install XML parser: `npm install xml2json`');","                    }","                    return [4 /*yield*/, fs_1.readFile(path, { encoding: 'utf8' })];","                case 1:","                    content = _a.sent();","                    return [2 /*return*/, xml2json.toJson(content, { object: true })];","            }","        });","    });","}","exports.load = load;","function loadSync(path) {","    var xml2json;","    try {","        xml2json = __webpack_require__(6);","    }","    catch (err) {","        throw new Error('Please install XML parser: `npm install xml2json`');","    }","    var content = fs_1.readFileSync(path, { encoding: 'utf8' });","    return xml2json.toJson(content, { object: true });","}","exports.loadSync = loadSync;","","","/***/ },","/* 13 */","/***/ function(module, exports, __webpack_require__) {","","\"use strict\";","","var __awaiter = (this && this.__awaiter) || function (thisArg, _arguments, P, generator) {","    return new (P || (P = Promise))(function (resolve, reject) {","        function fulfilled(value) { try { step(generator.next(value)); } catch (e) { reject(e); } }","        function rejected(value) { try { step(generator[\"throw\"](value)); } catch (e) { reject(e); } }","        function step(result) { result.done ? resolve(result.value) : new P(function (resolve) { resolve(result.value); }).then(fulfilled, rejected); }","        step((generator = generator.apply(thisArg, _arguments)).next());","    });","};","var __generator = (this && this.__generator) || function (thisArg, body) {","    var _ = { label: 0, sent: function() { if (t[0] & 1) throw t[1]; return t[1]; }, trys: [], ops: [] }, f, y, t;","    return { next: verb(0), \"throw\": verb(1), \"return\": verb(2) };","    function verb(n) { return function (v) { return step([n, v]); }; }","    function step(op) {","        if (f) throw new TypeError(\"Generator is already executing.\");","        while (_) try {","            if (f = 1, y && (t = y[op[0] & 2 ? \"return\" : op[0] ? \"throw\" : \"next\"]) && !(t = t.call(y, op[1])).done) return t;","            if (y = 0, t) op = [0, t.value];","            switch (op[0]) {","                case 0: case 1: t = op; break;","                case 4: _.label++; return { value: op[1], done: false };","                case 5: _.label++; y = op[1]; op = [0]; continue;","                case 7: op = _.ops.pop(); _.trys.pop(); continue;","                default:","                    if (!(t = _.trys, t = t.length > 0 && t[t.length - 1]) && (op[0] === 6 || op[0] === 2)) { _ = 0; continue; }","                    if (op[0] === 3 && (!t || (op[1] > t[0] && op[1] < t[3]))) { _.label = op[1]; break; }","                    if (op[0] === 6 && _.label < t[1]) { _.label = t[1]; t = op; break; }","                    if (t && _.label < t[2]) { _.label = t[2]; _.ops.push(op); break; }","                    if (t[2]) _.ops.pop();","                    _.trys.pop(); continue;","            }","            op = body.call(thisArg, _);","        } catch (e) { op = [6, e]; y = 0; } finally { f = t = 0; }","        if (op[0] & 5) throw op[1]; return { value: op[0] ? op[1] : void 0, done: true };","    }","};","var fs_1 = __webpack_require__(0);","function load(path) {","    return __awaiter(this, void 0, void 0, function () {","        var yaml, content;","        return __generator(this, function (_a) {","            switch (_a.label) {","                case 0:","                    try {","                        yaml = __webpack_require__(4);","                    }","                    catch (err) {","                        throw new Error('Please install YAML parser: `npm install js-yaml`');","                    }","                    return [4 /*yield*/, fs_1.readFile(path, { encoding: 'utf8' })];","                case 1:","                    content = _a.sent();","                    return [2 /*return*/, yaml.safeLoad(content)];","            }","        });","    });","}","exports.load = load;","function loadSync(path) {","    var yaml;","    try {","        yaml = __webpack_require__(4);","    }","    catch (err) {","        throw new Error('Please install YAML parser: `npm install js-yaml`');","    }","    var content = fs_1.readFileSync(path, { encoding: 'utf8' });","    return yaml.safeLoad(content);","}","exports.loadSync = loadSync;","","","/***/ },","/* 14 */","/***/ function(module, exports) {","","module.exports = require(\"assert\");","","/***/ },","/* 15 */","/***/ function(module, exports) {","","module.exports = require(\"fs\");","","/***/ },","/* 16 */","/***/ function(module, exports) {","","module.exports = require(\"lodash\");","","/***/ },","/* 17 */","/***/ function(module, exports) {","","module.exports = require(\"path\");","","/***/ },","/* 18 */","/***/ function(module, exports, __webpack_require__) {","","\"use strict\";","","var getEnv = __webpack_require__(1);","exports.env = getEnv;","var loader_1 = __webpack_require__(7);","exports.load = loader_1.load;","exports.loadSync = loader_1.loadSync;","","","/***/ }","/******/ ]);"],"l":{"1":1,"4":1,"7":1,"10":20,"11":6,"14":14,"21":14,"24":14,"27":14,"32":1,"35":1,"38":1,"41":1,"42":0,"43":0,"52":1,"53":0,"54":0,"55":0,"56":0,"57":0,"61":1,"64":1,"67":1,"76":1,"77":0,"78":1,"79":1,"80":1,"81":0,"84":1,"85":0,"86":0,"87":1,"88":1,"89":0,"90":0,"91":0,"92":0,"93":0,"94":0,"95":0,"96":0,"97":0,"99":0,"100":0,"101":0,"102":0,"103":0,"104":0,"106":0,"107":0,"108":0,"111":1,"112":1,"113":0,"114":0,"115":0,"116":0,"121":1,"122":1,"123":1,"124":0,"125":0,"126":0,"130":1,"131":1,"132":0,"134":1,"135":1,"136":0,"137":0,"138":0,"142":1,"143":1,"144":0,"146":1,"147":1,"148":0,"149":0,"150":0,"151":0,"152":0,"153":0,"155":0,"161":1,"162":1,"163":1,"164":0,"165":0,"166":0,"167":0,"168":0,"169":0,"170":0,"172":0,"178":1,"179":1,"180":1,"181":0,"182":0,"183":0,"184":0,"185":0,"186":0,"188":0,"194":1,"195":1,"202":1,"208":1,"209":0,"211":0,"212":0,"213":0,"214":0,"221":0,"227":0,"233":0,"239":0,"247":1,"248":0,"249":1,"250":1,"251":1,"252":0,"255":1,"256":0,"257":0,"258":1,"259":1,"260":0,"261":0,"262":0,"263":0,"264":0,"265":0,"266":0,"267":0,"268":0,"270":0,"271":0,"272":0,"273":0,"274":0,"275":0,"277":0,"278":0,"279":0,"282":1,"283":1,"284":1,"285":1,"286":1,"287":1,"288":1,"289":1,"290":1,"291":1,"292":1,"293":1,"294":1,"295":0,"296":0,"297":0,"298":0,"299":0,"301":0,"302":0,"304":0,"305":0,"307":0,"308":0,"310":0,"311":0,"313":0,"314":0,"316":0,"317":0,"319":0,"320":0,"322":0,"324":1,"325":0,"326":0,"327":0,"328":0,"330":0,"331":0,"332":0,"334":0,"335":0,"336":0,"337":0,"339":0,"340":0,"341":0,"342":0,"344":0,"345":0,"347":0,"348":0,"349":0,"351":0,"352":0,"353":0,"354":0,"355":0,"356":0,"358":0,"359":0,"360":0,"362":0,"363":0,"364":0,"369":1,"370":0,"371":0,"372":0,"373":0,"374":0,"375":0,"376":0,"377":0,"378":0,"379":0,"383":0,"384":0,"387":0,"389":1,"390":0,"391":0,"392":0,"393":0,"394":0,"399":1,"400":0,"401":0,"402":0,"403":0,"405":0,"406":0,"408":0,"409":0,"410":0,"411":0,"413":0,"414":0,"416":0,"417":0,"419":0,"420":0,"422":0,"423":0,"424":0,"425":0,"427":0,"428":0,"430":0,"431":0,"432":0,"433":0,"435":0,"436":0,"437":0,"439":0,"440":0,"441":0,"442":0,"444":0,"445":0,"447":0,"448":0,"449":0,"450":0,"452":0,"453":0,"454":0,"459":1,"460":0,"461":0,"462":0,"464":0,"465":0,"466":0,"467":0,"468":0,"470":0,"472":1,"473":1,"474":0,"475":0,"476":0,"477":0,"478":0,"480":0,"481":0,"483":0,"485":1,"494":1,"495":0,"496":1,"497":1,"498":1,"499":0,"502":1,"503":0,"504":0,"505":1,"506":1,"507":0,"508":0,"509":0,"510":0,"511":0,"512":0,"513":0,"514":0,"515":0,"517":0,"518":0,"519":0,"520":0,"521":0,"522":0,"524":0,"525":0,"526":0,"529":1,"530":1,"531":0,"532":0,"533":0,"534":0,"536":0,"537":0,"540":0,"542":0,"544":0,"545":0,"550":1,"551":1,"552":0,"553":0,"554":0,"557":0,"559":0,"560":0,"562":1,"571":1,"572":0,"573":1,"574":1,"575":1,"576":0,"579":1,"580":0,"581":0,"582":1,"583":1,"584":0,"585":0,"586":0,"587":0,"588":0,"589":0,"590":0,"591":0,"592":0,"594":0,"595":0,"596":0,"597":0,"598":0,"599":0,"601":0,"602":0,"603":0,"606":1,"607":0,"608":0,"609":0,"613":1,"614":1,"615":0,"617":1,"626":1,"627":0,"628":1,"629":1,"630":1,"631":0,"634":1,"635":0,"636":0,"637":1,"638":1,"639":0,"640":0,"641":0,"642":0,"643":0,"644":0,"645":0,"646":0,"647":0,"649":0,"650":0,"651":0,"652":0,"653":0,"654":0,"656":0,"657":0,"658":0,"661":1,"662":1,"663":0,"664":0,"665":0,"666":0,"667":0,"669":0,"670":0,"675":1,"676":1,"677":0,"678":0,"680":1,"689":1,"690":0,"691":1,"692":1,"693":1,"694":0,"697":1,"698":0,"699":0,"700":1,"701":1,"702":0,"703":0,"704":0,"705":0,"706":0,"707":0,"708":0,"709":0,"710":0,"712":0,"713":0,"714":0,"715":0,"716":0,"717":0,"719":0,"720":0,"721":0,"724":1,"725":1,"726":0,"727":0,"728":0,"729":0,"731":0,"732":0,"735":0,"737":0,"739":0,"740":0,"745":1,"746":1,"747":0,"748":0,"749":0,"752":0,"754":0,"755":0,"757":1,"766":1,"767":0,"768":1,"769":1,"770":1,"771":0,"774":1,"775":0,"776":0,"777":1,"778":1,"779":0,"780":0,"781":0,"782":0,"783":0,"784":0,"785":0,"786":0,"787":0,"789":0,"790":0,"791":0,"792":0,"793":0,"794":0,"796":0,"797":0,"798":0,"801":1,"802":1,"803":0,"804":0,"805":0,"806":0,"808":0,"809":0,"812":0,"814":0,"816":0,"817":0,"822":1,"823":1,"824":0,"825":0,"826":0,"829":0,"831":0,"832":0,"834":1,"843":1,"844":0,"845":1,"846":1,"847":1,"848":0,"851":1,"852":0,"853":0,"854":1,"855":1,"856":0,"857":0,"858":0,"859":0,"860":0,"861":0,"862":0,"863":0,"864":0,"866":0,"867":0,"868":0,"869":0,"870":0,"871":0,"873":0,"874":0,"875":0,"878":1,"879":1,"880":0,"881":0,"882":0,"883":0,"885":0,"886":0,"889":0,"891":0,"893":0,"894":0,"899":1,"900":1,"901":0,"902":0,"903":0,"906":0,"908":0,"909":0,"911":1,"918":1,"924":1,"930":1,"936":1,"944":1,"945":1,"946":1,"947":1,"948":1}}}